#
# There is insufficient memory for the Java Runtime Environment to continue.
# Native memory allocation (mmap) failed to map 19922944 bytes for G1 virtual space
# Possible reasons:
#   The system is out of physical RAM or swap space
#   The process is running with CompressedOops enabled, and the Java Heap may be blocking the growth of the native heap
# Possible solutions:
#   Reduce memory load on the system
#   Increase physical memory or swap space
#   Check if swap backing store is full
#   Decrease Java heap size (-Xmx/-Xms)
#   Decrease number of Java threads
#   Decrease Java thread stack sizes (-Xss)
#   Set larger code cache with -XX:ReservedCodeCacheSize=
#   JVM is running with Unscaled Compressed Oops mode in which the Java heap is
#     placed in the first 4GB address space. The Java Heap base address is the
#     maximum limit for the native heap growth. Please use -XX:HeapBaseMinAddress
#     to set the Java Heap base and to place the Java Heap above 4GB virtual address.
# This output file may be truncated or incomplete.
#
#  Out of Memory Error (os_windows.cpp:3771), pid=32152, tid=8452
#
# JRE version: OpenJDK Runtime Environment (17.0.7) (build 17.0.7+0-b2043.56-10550314)
# Java VM: OpenJDK 64-Bit Server VM (17.0.7+0-b2043.56-10550314, mixed mode, tiered, compressed oops, compressed class ptrs, g1 gc, windows-amd64)
# No core dump will be written. Minidumps are not enabled by default on client versions of Windows
#

---------------  S U M M A R Y ------------

Command Line: --add-opens=java.base/java.util=ALL-UNNAMED --add-opens=java.base/java.lang=ALL-UNNAMED --add-opens=java.base/java.lang.invoke=ALL-UNNAMED --add-opens=java.prefs/java.util.prefs=ALL-UNNAMED --add-opens=java.base/java.nio.charset=ALL-UNNAMED --add-opens=java.base/java.net=ALL-UNNAMED --add-opens=java.base/java.util.concurrent.atomic=ALL-UNNAMED -Xmx2048m -Dfile.encoding=UTF-8 -Duser.country=GB -Duser.language=en -Duser.variant -javaagent:C:\Users\User\.gradle\wrapper\dists\gradle-8.2-bin\bbg7u40eoinfdyxsxr3z4i7ta\gradle-8.2\lib\agents\gradle-instrumentation-agent-8.2.jar org.gradle.launcher.daemon.bootstrap.GradleDaemon 8.2

Host: Intel(R) Core(TM) i5-10210U CPU @ 1.60GHz, 8 cores, 7G,  Windows 11 , 64 bit Build 22621 (10.0.22621.3374)
Time: Sun Apr 28 19:13:37 2024 Arabian Standard Time elapsed time: 27.589477 seconds (0d 0h 0m 27s)

---------------  T H R E A D  ---------------

Current thread (0x000001b64f8ab1e0):  VMThread "VM Thread" [stack: 0x00000054b4f00000,0x00000054b5000000] [id=8452]

Stack: [0x00000054b4f00000,0x00000054b5000000]
Native frames: (J=compiled Java code, j=interpreted, Vv=VM code, C=native code)
V  [jvm.dll+0x683bfa]
V  [jvm.dll+0x8430a4]
V  [jvm.dll+0x8449be]
V  [jvm.dll+0x845023]
V  [jvm.dll+0x24ad2f]
V  [jvm.dll+0x680ac9]
V  [jvm.dll+0x67519a]
V  [jvm.dll+0x30b3cb]
V  [jvm.dll+0x312876]
V  [jvm.dll+0x36221e]
V  [jvm.dll+0x36244f]
V  [jvm.dll+0x2e14a8]
V  [jvm.dll+0x2df684]
V  [jvm.dll+0x2dec8c]
V  [jvm.dll+0x32382b]
V  [jvm.dll+0x8496eb]
V  [jvm.dll+0x84a424]
V  [jvm.dll+0x84a93d]
V  [jvm.dll+0x84ad14]
V  [jvm.dll+0x84ade0]
V  [jvm.dll+0x7f2aea]
V  [jvm.dll+0x682a35]
C  [ucrtbase.dll+0x29333]
C  [KERNEL32.DLL+0x1257d]
C  [ntdll.dll+0x5aa48]

VM_Operation (0x00000054b66f7a40): G1CollectForAllocation, mode: safepoint, requested by thread 0x000001b655dbd3f0


---------------  P R O C E S S  ---------------

Threads class SMR info:
_java_thread_list=0x000001b64fdea830, length=53, elements={
0x000001b635a81810, 0x000001b64fa52010, 0x000001b64fa552e0, 0x000001b64f9186d0,
0x000001b64fa80410, 0x000001b64fa74760, 0x000001b64fa77030, 0x000001b64fa77cd0,
0x000001b64fa78680, 0x000001b64fa82cf0, 0x000001b64f889fc0, 0x000001b64fd39590,
0x000001b655d21dc0, 0x000001b654171880, 0x000001b656180030, 0x000001b6560bb5b0,
0x000001b655684f50, 0x000001b655d891d0, 0x000001b655dbd3f0, 0x000001b654b870e0,
0x000001b654b875b0, 0x000001b654b86c10, 0x000001b654b89290, 0x000001b654b888f0,
0x000001b654b87a80, 0x000001b654b89760, 0x000001b654b88420, 0x000001b654b87f50,
0x000001b654b86740, 0x000001b654b89c30, 0x000001b654b8a100, 0x000001b65744c380,
0x000001b657449360, 0x000001b65744ea00, 0x000001b65744f3a0, 0x000001b65744eed0,
0x000001b65744a6a0, 0x000001b65744beb0, 0x000001b65744b040, 0x000001b657449d00,
0x000001b65744c850, 0x000001b657450210, 0x000001b657449830, 0x000001b65744db90,
0x000001b65744b9e0, 0x000001b65744a1d0, 0x000001b65744e530, 0x000001b65744f870,
0x000001b65744fd40, 0x000001b65583e380, 0x000001b65583e850, 0x000001b655845230,
0x000001b655841870
}

Java Threads: ( => current thread )
  0x000001b635a81810 JavaThread "main" [_thread_blocked, id=15068, stack(0x00000054b4900000,0x00000054b4a00000)]
  0x000001b64fa52010 JavaThread "Reference Handler" daemon [_thread_blocked, id=6752, stack(0x00000054b5000000,0x00000054b5100000)]
  0x000001b64fa552e0 JavaThread "Finalizer" daemon [_thread_blocked, id=31416, stack(0x00000054b5100000,0x00000054b5200000)]
  0x000001b64f9186d0 JavaThread "Signal Dispatcher" daemon [_thread_blocked, id=10912, stack(0x00000054b5200000,0x00000054b5300000)]
  0x000001b64fa80410 JavaThread "Attach Listener" daemon [_thread_blocked, id=25180, stack(0x00000054b5300000,0x00000054b5400000)]
  0x000001b64fa74760 JavaThread "Service Thread" daemon [_thread_blocked, id=6900, stack(0x00000054b5400000,0x00000054b5500000)]
  0x000001b64fa77030 JavaThread "Monitor Deflation Thread" daemon [_thread_blocked, id=1700, stack(0x00000054b5500000,0x00000054b5600000)]
  0x000001b64fa77cd0 JavaThread "C2 CompilerThread0" daemon [_thread_blocked, id=25112, stack(0x00000054b5600000,0x00000054b5700000)]
  0x000001b64fa78680 JavaThread "C1 CompilerThread0" daemon [_thread_blocked, id=16200, stack(0x00000054b5700000,0x00000054b5800000)]
  0x000001b64fa82cf0 JavaThread "Sweeper thread" daemon [_thread_blocked, id=12160, stack(0x00000054b5800000,0x00000054b5900000)]
  0x000001b64f889fc0 JavaThread "Common-Cleaner" daemon [_thread_blocked, id=4072, stack(0x00000054b5900000,0x00000054b5a00000)]
  0x000001b64fd39590 JavaThread "Notification Thread" daemon [_thread_blocked, id=29340, stack(0x00000054b5a00000,0x00000054b5b00000)]
  0x000001b655d21dc0 JavaThread "Daemon health stats" [_thread_blocked, id=31332, stack(0x00000054b6100000,0x00000054b6200000)]
  0x000001b654171880 JavaThread "Incoming local TCP Connector on port 62957" [_thread_in_native, id=12648, stack(0x00000054b5d00000,0x00000054b5e00000)]
  0x000001b656180030 JavaThread "Daemon periodic checks" [_thread_blocked, id=16360, stack(0x00000054b6200000,0x00000054b6300000)]
  0x000001b6560bb5b0 JavaThread "Daemon" [_thread_blocked, id=10928, stack(0x00000054b6300000,0x00000054b6400000)]
  0x000001b655684f50 JavaThread "Handler for socket connection from /127.0.0.1:62957 to /127.0.0.1:62958" [_thread_in_native, id=3792, stack(0x00000054b6400000,0x00000054b6500000)]
  0x000001b655d891d0 JavaThread "Cancel handler" [_thread_blocked, id=29476, stack(0x00000054b6500000,0x00000054b6600000)]
  0x000001b655dbd3f0 JavaThread "Daemon worker" [_thread_blocked, id=19232, stack(0x00000054b6600000,0x00000054b6700000)]
  0x000001b654b870e0 JavaThread "Asynchronous log dispatcher for DefaultDaemonConnection: socket connection from /127.0.0.1:62957 to /127.0.0.1:62958" [_thread_blocked, id=23316, stack(0x00000054b6700000,0x00000054b6800000)]
  0x000001b654b875b0 JavaThread "Stdin handler" [_thread_blocked, id=24812, stack(0x00000054b6800000,0x00000054b6900000)]
  0x000001b654b86c10 JavaThread "Daemon client event forwarder" [_thread_blocked, id=22000, stack(0x00000054b6900000,0x00000054b6a00000)]
  0x000001b654b89290 JavaThread "Cache worker for journal cache (C:\Users\User\.gradle\caches\journal-1)" [_thread_blocked, id=25252, stack(0x00000054b6e00000,0x00000054b6f00000)]
  0x000001b654b888f0 JavaThread "File lock request listener" [_thread_in_native, id=6184, stack(0x00000054b6f00000,0x00000054b7000000)]
  0x000001b654b87a80 JavaThread "Cache worker for file hash cache (C:\Users\User\.gradle\caches\8.2\fileHashes)" [_thread_blocked, id=27540, stack(0x00000054b7100000,0x00000054b7200000)]
  0x000001b654b89760 JavaThread "File watcher server" daemon [_thread_in_native, id=32756, stack(0x00000054b7200000,0x00000054b7300000)]
  0x000001b654b88420 JavaThread "File watcher consumer" daemon [_thread_blocked, id=21116, stack(0x00000054b7300000,0x00000054b7400000)]
  0x000001b654b87f50 JavaThread "Cache worker for checksums cache (C:\Users\User\Downloads\MyApplication\.gradle\8.2\checksums)" [_thread_blocked, id=9428, stack(0x00000054b7400000,0x00000054b7500000)]
  0x000001b654b86740 JavaThread "Cache worker for cache directory md-rule (C:\Users\User\.gradle\caches\8.2\md-rule)" [_thread_blocked, id=32604, stack(0x00000054b7500000,0x00000054b7600000)]
  0x000001b654b89c30 JavaThread "Cache worker for file content cache (C:\Users\User\.gradle\caches\8.2\fileContent)" [_thread_blocked, id=32312, stack(0x00000054b7600000,0x00000054b7700000)]
  0x000001b654b8a100 JavaThread "Cache worker for file hash cache (C:\Users\User\Downloads\MyApplication\.gradle\8.2\fileHashes)" [_thread_blocked, id=24280, stack(0x00000054b7700000,0x00000054b7800000)]
  0x000001b65744c380 JavaThread "Cache worker for cache directory md-supplier (C:\Users\User\.gradle\caches\8.2\md-supplier)" [_thread_blocked, id=26900, stack(0x00000054b7000000,0x00000054b7100000)]
  0x000001b657449360 JavaThread "Cache worker for execution history cache (C:\Users\User\.gradle\caches\8.2\executionHistory)" [_thread_blocked, id=14084, stack(0x00000054b7800000,0x00000054b7900000)]
  0x000001b65744ea00 JavaThread "jar transforms" [_thread_blocked, id=10200, stack(0x00000054b7b00000,0x00000054b7c00000)]
  0x000001b65744f3a0 JavaThread "jar transforms Thread 2" [_thread_blocked, id=30400, stack(0x00000054b7c00000,0x00000054b7d00000)]
  0x000001b65744eed0 JavaThread "Cache worker for kotlin-dsl (C:\Users\User\.gradle\caches\8.2\kotlin-dsl)" [_thread_blocked, id=30360, stack(0x00000054b7d00000,0x00000054b7e00000)]
  0x000001b65744a6a0 JavaThread "jar transforms Thread 3" [_thread_blocked, id=31544, stack(0x00000054b7e00000,0x00000054b7f00000)]
  0x000001b65744beb0 JavaThread "jar transforms Thread 4" [_thread_blocked, id=31552, stack(0x00000054b7f00000,0x00000054b8000000)]
  0x000001b65744b040 JavaThread "jar transforms Thread 5" [_thread_blocked, id=19308, stack(0x00000054b7900000,0x00000054b7a00000)]
  0x000001b657449d00 JavaThread "jar transforms Thread 6" [_thread_blocked, id=30920, stack(0x00000054b8000000,0x00000054b8100000)]
  0x000001b65744c850 JavaThread "Cache worker for dependencies-accessors (C:\Users\User\Downloads\MyApplication\.gradle\8.2\dependencies-accessors)" [_thread_blocked, id=29912, stack(0x00000054b8100000,0x00000054b8200000)]
  0x000001b657450210 JavaThread "Cache worker for Build Output Cleanup Cache (C:\Users\User\Downloads\MyApplication\.gradle\buildOutputCleanup)" [_thread_blocked, id=33272, stack(0x00000054b8200000,0x00000054b8300000)]
  0x000001b657449830 JavaThread "jar transforms Thread 7" [_thread_blocked, id=6644, stack(0x00000054b8300000,0x00000054b8400000)]
  0x000001b65744db90 JavaThread "jar transforms Thread 8" [_thread_blocked, id=31680, stack(0x00000054b8400000,0x00000054b8500000)]
  0x000001b65744b9e0 JavaThread "Unconstrained build operations" [_thread_blocked, id=17384, stack(0x00000054b8500000,0x00000054b8600000)]
  0x000001b65744a1d0 JavaThread "Unconstrained build operations Thread 2" [_thread_blocked, id=30612, stack(0x00000054b8600000,0x00000054b8700000)]
  0x000001b65744e530 JavaThread "Unconstrained build operations Thread 3" [_thread_blocked, id=23584, stack(0x00000054b8700000,0x00000054b8800000)]
  0x000001b65744f870 JavaThread "Unconstrained build operations Thread 4" [_thread_blocked, id=9824, stack(0x00000054b8800000,0x00000054b8900000)]
  0x000001b65744fd40 JavaThread "Unconstrained build operations Thread 5" [_thread_blocked, id=30220, stack(0x00000054b8900000,0x00000054b8a00000)]
  0x000001b65583e380 JavaThread "Unconstrained build operations Thread 6" [_thread_blocked, id=21368, stack(0x00000054b8a00000,0x00000054b8b00000)]
  0x000001b65583e850 JavaThread "Unconstrained build operations Thread 7" [_thread_blocked, id=13256, stack(0x00000054b8b00000,0x00000054b8c00000)]
  0x000001b655845230 JavaThread "build event listener" [_thread_blocked, id=23860, stack(0x00000054b8c00000,0x00000054b8d00000)]
  0x000001b655841870 JavaThread "Memory manager" [_thread_blocked, id=32224, stack(0x00000054b8d00000,0x00000054b8e00000)]

Other Threads:
=>0x000001b64f8ab1e0 VMThread "VM Thread" [stack: 0x00000054b4f00000,0x00000054b5000000] [id=8452]
  0x000001b635a82590 WatcherThread [stack: 0x00000054b5b00000,0x00000054b5c00000] [id=25036]
  0x000001b635add170 GCTaskThread "GC Thread#0" [stack: 0x00000054b4a00000,0x00000054b4b00000] [id=12068]
  0x000001b6542e3d20 GCTaskThread "GC Thread#1" [stack: 0x00000054b5e00000,0x00000054b5f00000] [id=13684]
  0x000001b654aeeed0 GCTaskThread "GC Thread#2" [stack: 0x00000054b5f00000,0x00000054b6000000] [id=30588]
  0x000001b654918c50 GCTaskThread "GC Thread#3" [stack: 0x00000054b6000000,0x00000054b6100000] [id=22904]
  0x000001b6540f5fb0 GCTaskThread "GC Thread#4" [stack: 0x00000054b5c00000,0x00000054b5d00000] [id=24840]
  0x000001b655044bb0 GCTaskThread "GC Thread#5" [stack: 0x00000054b6a00000,0x00000054b6b00000] [id=27980]
  0x000001b6547f8880 GCTaskThread "GC Thread#6" [stack: 0x00000054b6b00000,0x00000054b6c00000] [id=28776]
  0x000001b6547f8b30 GCTaskThread "GC Thread#7" [stack: 0x00000054b6c00000,0x00000054b6d00000] [id=17024]
  0x000001b635aedfd0 ConcurrentGCThread "G1 Main Marker" [stack: 0x00000054b4b00000,0x00000054b4c00000] [id=33136]
  0x000001b635aee8f0 ConcurrentGCThread "G1 Conc#0" [stack: 0x00000054b4c00000,0x00000054b4d00000] [id=31500]
  0x000001b6565dec30 ConcurrentGCThread "G1 Conc#1" [stack: 0x00000054b6d00000,0x00000054b6e00000] [id=15600]
  0x000001b635b3d0e0 ConcurrentGCThread "G1 Refine#0" [stack: 0x00000054b4d00000,0x00000054b4e00000] [id=8364]
  0x000001b655baea50 ConcurrentGCThread "G1 Refine#1" [stack: 0x00000054b7a00000,0x00000054b7b00000] [id=20896]
  0x000001b635b3da10 ConcurrentGCThread "G1 Service" [stack: 0x00000054b4e00000,0x00000054b4f00000] [id=14408]

Threads with active compile tasks:

VM state: at safepoint (normal execution)

VM Mutex/Monitor currently owned by a thread:  ([mutex/lock_event])
[0x000001b635a7d300] Threads_lock - owner thread: 0x000001b64f8ab1e0
[0x000001b635a7e500] Heap_lock - owner thread: 0x000001b655dbd3f0

Heap address: 0x0000000080000000, size: 2048 MB, Compressed Oops mode: 32-bit

CDS archive(s) not mapped
Compressed class space mapped at: 0x0000000100000000-0x0000000140000000, reserved size: 1073741824
Narrow klass base: 0x0000000000000000, Narrow klass shift: 3, Narrow klass range: 0x140000000

GC Precious Log:
 CPUs: 8 total, 8 available
 Memory: 8029M
 Large Page Support: Disabled
 NUMA Support: Disabled
 Compressed Oops: Enabled (32-bit)
 Heap Region Size: 1M
 Heap Min Capacity: 8M
 Heap Initial Capacity: 126M
 Heap Max Capacity: 2G
 Pre-touch: Disabled
 Parallel Workers: 8
 Concurrent Workers: 2
 Concurrent Refinement Workers: 8
 Periodic GC: Disabled

Heap:
 garbage-first heap   total 109568K, used 61305K [0x0000000080000000, 0x0000000100000000)
  region size 1024K, 4 young (4096K), 4 survivors (4096K)
 Metaspace       used 75170K, committed 75776K, reserved 1179648K
  class space    used 10077K, committed 10368K, reserved 1048576K

Heap Regions: E=young(eden), S=young(survivor), O=old, HS=humongous(starts), HC=humongous(continues), CS=collection set, F=free, OA=open archive, CA=closed archive, TAMS=top-at-mark-start (previous, next)
|   0|0x0000000080000000, 0x0000000080100000, 0x0000000080100000|100%|HS|  |TAMS 0x0000000080100000, 0x0000000080000000| Complete 
|   1|0x0000000080100000, 0x0000000080200000, 0x0000000080200000|100%|HC|  |TAMS 0x0000000080200000, 0x0000000080100000| Complete 
|   2|0x0000000080200000, 0x0000000080300000, 0x0000000080300000|100%|HC|  |TAMS 0x0000000080300000, 0x0000000080200000| Complete 
|   3|0x0000000080300000, 0x0000000080400000, 0x0000000080400000|100%|HC|  |TAMS 0x0000000080400000, 0x0000000080300000| Complete 
|   4|0x0000000080400000, 0x0000000080500000, 0x0000000080500000|100%| O|  |TAMS 0x0000000080500000, 0x0000000080400000| Untracked 
|   5|0x0000000080500000, 0x0000000080600000, 0x0000000080600000|100%| O|  |TAMS 0x0000000080600000, 0x0000000080500000| Untracked 
|   6|0x0000000080600000, 0x0000000080700000, 0x0000000080700000|100%| O|  |TAMS 0x0000000080700000, 0x0000000080600000| Untracked 
|   7|0x0000000080700000, 0x0000000080800000, 0x0000000080800000|100%| O|  |TAMS 0x0000000080800000, 0x0000000080700000| Untracked 
|   8|0x0000000080800000, 0x0000000080900000, 0x0000000080900000|100%| O|  |TAMS 0x0000000080900000, 0x0000000080800000| Untracked 
|   9|0x0000000080900000, 0x0000000080a00000, 0x0000000080a00000|100%| O|  |TAMS 0x0000000080a00000, 0x0000000080900000| Untracked 
|  10|0x0000000080a00000, 0x0000000080b00000, 0x0000000080b00000|100%| O|  |TAMS 0x0000000080b00000, 0x0000000080a00000| Untracked 
|  11|0x0000000080b00000, 0x0000000080c00000, 0x0000000080c00000|100%| O|  |TAMS 0x0000000080c00000, 0x0000000080b00000| Untracked 
|  12|0x0000000080c00000, 0x0000000080d00000, 0x0000000080d00000|100%| O|  |TAMS 0x0000000080d00000, 0x0000000080c00000| Untracked 
|  13|0x0000000080d00000, 0x0000000080e00000, 0x0000000080e00000|100%| O|  |TAMS 0x0000000080e00000, 0x0000000080d00000| Untracked 
|  14|0x0000000080e00000, 0x0000000080f00000, 0x0000000080f00000|100%| O|  |TAMS 0x0000000080f00000, 0x0000000080e00000| Untracked 
|  15|0x0000000080f00000, 0x0000000081000000, 0x0000000081000000|100%| O|  |TAMS 0x0000000081000000, 0x0000000080f00000| Untracked 
|  16|0x0000000081000000, 0x0000000081100000, 0x0000000081100000|100%| O|  |TAMS 0x0000000081100000, 0x0000000081000000| Untracked 
|  17|0x0000000081100000, 0x0000000081200000, 0x0000000081200000|100%| O|  |TAMS 0x0000000081200000, 0x0000000081100000| Untracked 
|  18|0x0000000081200000, 0x0000000081300000, 0x0000000081300000|100%| O|  |TAMS 0x0000000081300000, 0x0000000081200000| Untracked 
|  19|0x0000000081300000, 0x0000000081400000, 0x0000000081400000|100%| O|  |TAMS 0x0000000081400000, 0x0000000081300000| Untracked 
|  20|0x0000000081400000, 0x0000000081500000, 0x0000000081500000|100%| O|  |TAMS 0x0000000081500000, 0x0000000081400000| Untracked 
|  21|0x0000000081500000, 0x0000000081600000, 0x0000000081600000|100%| O|  |TAMS 0x0000000081600000, 0x0000000081500000| Untracked 
|  22|0x0000000081600000, 0x0000000081700000, 0x0000000081700000|100%| O|  |TAMS 0x0000000081700000, 0x0000000081600000| Untracked 
|  23|0x0000000081700000, 0x0000000081800000, 0x0000000081800000|100%| O|  |TAMS 0x0000000081800000, 0x0000000081700000| Complete 
|  24|0x0000000081800000, 0x0000000081900000, 0x0000000081900000|100%| O|  |TAMS 0x0000000081900000, 0x0000000081800000| Untracked 
|  25|0x0000000081900000, 0x0000000081a00000, 0x0000000081a00000|100%| O|  |TAMS 0x0000000081a00000, 0x0000000081900000| Untracked 
|  26|0x0000000081a00000, 0x0000000081b00000, 0x0000000081b00000|100%| O|  |TAMS 0x0000000081b00000, 0x0000000081a00000| Untracked 
|  27|0x0000000081b00000, 0x0000000081c00000, 0x0000000081c00000|100%| O|  |TAMS 0x0000000081c00000, 0x0000000081b00000| Untracked 
|  28|0x0000000081c00000, 0x0000000081d00000, 0x0000000081d00000|100%| O|  |TAMS 0x0000000081d00000, 0x0000000081c00000| Untracked 
|  29|0x0000000081d00000, 0x0000000081e00000, 0x0000000081e00000|100%| O|  |TAMS 0x0000000081e00000, 0x0000000081d00000| Untracked 
|  30|0x0000000081e00000, 0x0000000081f00000, 0x0000000081f00000|100%| O|  |TAMS 0x0000000081f00000, 0x0000000081e00000| Untracked 
|  31|0x0000000081f00000, 0x0000000082000000, 0x0000000082000000|100%| O|  |TAMS 0x0000000082000000, 0x0000000081f00000| Untracked 
|  32|0x0000000082000000, 0x0000000082100000, 0x0000000082100000|100%| O|  |TAMS 0x0000000082100000, 0x0000000082000000| Untracked 
|  33|0x0000000082100000, 0x0000000082200000, 0x0000000082200000|100%| O|  |TAMS 0x0000000082200000, 0x0000000082100000| Untracked 
|  34|0x0000000082200000, 0x0000000082300000, 0x0000000082300000|100%| O|  |TAMS 0x0000000082300000, 0x0000000082200000| Untracked 
|  35|0x0000000082300000, 0x0000000082400000, 0x0000000082400000|100%| O|  |TAMS 0x0000000082400000, 0x0000000082300000| Untracked 
|  36|0x0000000082400000, 0x0000000082500000, 0x0000000082500000|100%| O|  |TAMS 0x0000000082500000, 0x0000000082400000| Untracked 
|  37|0x0000000082500000, 0x0000000082600000, 0x0000000082600000|100%|HS|  |TAMS 0x0000000082600000, 0x0000000082500000| Complete 
|  38|0x0000000082600000, 0x0000000082700000, 0x0000000082700000|100%|HS|  |TAMS 0x0000000082700000, 0x0000000082600000| Complete 
|  39|0x0000000082700000, 0x0000000082800000, 0x0000000082800000|100%|HS|  |TAMS 0x0000000082800000, 0x0000000082700000| Complete 
|  40|0x0000000082800000, 0x0000000082900000, 0x0000000082900000|100%| O|  |TAMS 0x0000000082900000, 0x0000000082800000| Untracked 
|  41|0x0000000082900000, 0x0000000082a00000, 0x0000000082a00000|100%| O|  |TAMS 0x0000000082a00000, 0x0000000082900000| Untracked 
|  42|0x0000000082a00000, 0x0000000082b00000, 0x0000000082b00000|100%| O|  |TAMS 0x0000000082b00000, 0x0000000082a00000| Untracked 
|  43|0x0000000082b00000, 0x0000000082c00000, 0x0000000082c00000|100%|HS|  |TAMS 0x0000000082c00000, 0x0000000082b00000| Complete 
|  44|0x0000000082c00000, 0x0000000082d00000, 0x0000000082d00000|100%| O|  |TAMS 0x0000000082d00000, 0x0000000082c00000| Untracked 
|  45|0x0000000082d00000, 0x0000000082e00000, 0x0000000082e00000|100%| O|  |TAMS 0x0000000082e00000, 0x0000000082d00000| Untracked 
|  46|0x0000000082e00000, 0x0000000082f00000, 0x0000000082f00000|100%| O|  |TAMS 0x0000000082f00000, 0x0000000082e00000| Untracked 
|  47|0x0000000082f00000, 0x0000000083000000, 0x0000000083000000|100%|HS|  |TAMS 0x0000000083000000, 0x0000000082f00000| Complete 
|  48|0x0000000083000000, 0x0000000083100000, 0x0000000083100000|100%| O|  |TAMS 0x0000000083100000, 0x0000000083000000| Untracked 
|  49|0x0000000083100000, 0x0000000083200000, 0x0000000083200000|100%| O|  |TAMS 0x0000000083200000, 0x0000000083100000| Untracked 
|  50|0x0000000083200000, 0x0000000083300000, 0x0000000083300000|100%| O|  |TAMS 0x0000000083281200, 0x0000000083200000| Untracked 
|  51|0x0000000083300000, 0x0000000083400000, 0x0000000083400000|100%| O|  |TAMS 0x0000000083300000, 0x0000000083300000| Untracked 
|  52|0x0000000083400000, 0x00000000834ce800, 0x0000000083500000| 80%| O|  |TAMS 0x0000000083400000, 0x0000000083400000| Untracked 
|  53|0x0000000083500000, 0x0000000083600000, 0x0000000083600000|100%| O|  |TAMS 0x0000000083600000, 0x0000000083500000| Untracked 
|  54|0x0000000083600000, 0x0000000083700000, 0x0000000083700000|100%| O|  |TAMS 0x0000000083700000, 0x0000000083600000| Untracked 
|  55|0x0000000083700000, 0x0000000083800000, 0x0000000083800000|100%| O|  |TAMS 0x0000000083800000, 0x0000000083700000| Untracked 
|  56|0x0000000083800000, 0x0000000083800000, 0x0000000083900000|  0%| F|  |TAMS 0x0000000083800000, 0x0000000083800000| Untracked 
|  57|0x0000000083900000, 0x0000000083a00000, 0x0000000083a00000|100%| O|  |TAMS 0x0000000083a00000, 0x0000000083900000| Untracked 
|  58|0x0000000083a00000, 0x0000000083a00000, 0x0000000083b00000|  0%| F|  |TAMS 0x0000000083a00000, 0x0000000083a00000| Untracked 
|  59|0x0000000083b00000, 0x0000000083b00000, 0x0000000083c00000|  0%| F|  |TAMS 0x0000000083b00000, 0x0000000083b00000| Untracked 
|  60|0x0000000083c00000, 0x0000000083c00000, 0x0000000083d00000|  0%| F|  |TAMS 0x0000000083c00000, 0x0000000083c00000| Untracked 
|  61|0x0000000083d00000, 0x0000000083d00000, 0x0000000083e00000|  0%| F|  |TAMS 0x0000000083d00000, 0x0000000083d00000| Untracked 
|  62|0x0000000083e00000, 0x0000000083e00000, 0x0000000083f00000|  0%| F|  |TAMS 0x0000000083e00000, 0x0000000083e00000| Untracked 
|  63|0x0000000083f00000, 0x0000000083f00000, 0x0000000084000000|  0%| F|  |TAMS 0x0000000083f00000, 0x0000000083f00000| Untracked 
|  64|0x0000000084000000, 0x0000000084000000, 0x0000000084100000|  0%| F|  |TAMS 0x0000000084000000, 0x0000000084000000| Untracked 
|  65|0x0000000084100000, 0x0000000084100000, 0x0000000084200000|  0%| F|  |TAMS 0x0000000084100000, 0x0000000084100000| Untracked 
|  66|0x0000000084200000, 0x0000000084200000, 0x0000000084300000|  0%| F|  |TAMS 0x0000000084200000, 0x0000000084200000| Untracked 
|  67|0x0000000084300000, 0x0000000084300000, 0x0000000084400000|  0%| F|  |TAMS 0x0000000084300000, 0x0000000084300000| Untracked 
|  68|0x0000000084400000, 0x0000000084400000, 0x0000000084500000|  0%| F|  |TAMS 0x0000000084400000, 0x0000000084400000| Untracked 
|  69|0x0000000084500000, 0x0000000084500000, 0x0000000084600000|  0%| F|  |TAMS 0x0000000084500000, 0x0000000084500000| Untracked 
|  70|0x0000000084600000, 0x0000000084600000, 0x0000000084700000|  0%| F|  |TAMS 0x0000000084600000, 0x0000000084600000| Untracked 
|  71|0x0000000084700000, 0x0000000084700000, 0x0000000084800000|  0%| F|  |TAMS 0x0000000084700000, 0x0000000084700000| Untracked 
|  72|0x0000000084800000, 0x0000000084800000, 0x0000000084900000|  0%| F|  |TAMS 0x0000000084800000, 0x0000000084800000| Untracked 
|  73|0x0000000084900000, 0x0000000084900000, 0x0000000084a00000|  0%| F|  |TAMS 0x0000000084900000, 0x0000000084900000| Untracked 
|  74|0x0000000084a00000, 0x0000000084a0fcc0, 0x0000000084b00000|  6%| S|CS|TAMS 0x0000000084a00000, 0x0000000084a00000| Complete 
|  75|0x0000000084b00000, 0x0000000084b00000, 0x0000000084c00000|  0%| F|  |TAMS 0x0000000084b00000, 0x0000000084b00000| Untracked 
|  76|0x0000000084c00000, 0x0000000084d00000, 0x0000000084d00000|100%| S|CS|TAMS 0x0000000084c00000, 0x0000000084c00000| Complete 
|  77|0x0000000084d00000, 0x0000000084d00000, 0x0000000084e00000|  0%| F|  |TAMS 0x0000000084d00000, 0x0000000084d00000| Untracked 
|  78|0x0000000084e00000, 0x0000000084e00000, 0x0000000084f00000|  0%| F|  |TAMS 0x0000000084e00000, 0x0000000084e00000| Untracked 
|  79|0x0000000084f00000, 0x0000000085000000, 0x0000000085000000|100%| S|CS|TAMS 0x0000000084f00000, 0x0000000084f00000| Complete 
|  80|0x0000000085000000, 0x0000000085100000, 0x0000000085100000|100%| S|CS|TAMS 0x0000000085000000, 0x0000000085000000| Complete 
|  81|0x0000000085100000, 0x0000000085100000, 0x0000000085200000|  0%| F|  |TAMS 0x0000000085100000, 0x0000000085100000| Untracked 
|  82|0x0000000085200000, 0x0000000085200000, 0x0000000085300000|  0%| F|  |TAMS 0x0000000085200000, 0x0000000085200000| Untracked 
|  83|0x0000000085300000, 0x0000000085300000, 0x0000000085400000|  0%| F|  |TAMS 0x0000000085300000, 0x0000000085300000| Untracked 
|  84|0x0000000085400000, 0x0000000085400000, 0x0000000085500000|  0%| F|  |TAMS 0x0000000085400000, 0x0000000085400000| Untracked 
|  85|0x0000000085500000, 0x0000000085500000, 0x0000000085600000|  0%| F|  |TAMS 0x0000000085500000, 0x0000000085500000| Untracked 
|  86|0x0000000085600000, 0x0000000085600000, 0x0000000085700000|  0%| F|  |TAMS 0x0000000085600000, 0x0000000085600000| Untracked 
|  87|0x0000000085700000, 0x0000000085700000, 0x0000000085800000|  0%| F|  |TAMS 0x0000000085700000, 0x0000000085700000| Untracked 
|  88|0x0000000085800000, 0x0000000085800000, 0x0000000085900000|  0%| F|  |TAMS 0x0000000085800000, 0x0000000085800000| Untracked 
|  89|0x0000000085900000, 0x0000000085900000, 0x0000000085a00000|  0%| F|  |TAMS 0x0000000085900000, 0x0000000085900000| Untracked 
|  90|0x0000000085a00000, 0x0000000085a00000, 0x0000000085b00000|  0%| F|  |TAMS 0x0000000085a00000, 0x0000000085a00000| Untracked 
|  91|0x0000000085b00000, 0x0000000085b00000, 0x0000000085c00000|  0%| F|  |TAMS 0x0000000085b00000, 0x0000000085b00000| Untracked 
|  92|0x0000000085c00000, 0x0000000085c00000, 0x0000000085d00000|  0%| F|  |TAMS 0x0000000085c00000, 0x0000000085c00000| Untracked 
|  93|0x0000000085d00000, 0x0000000085d00000, 0x0000000085e00000|  0%| F|  |TAMS 0x0000000085d00000, 0x0000000085d00000| Untracked 
|  94|0x0000000085e00000, 0x0000000085e00000, 0x0000000085f00000|  0%| F|  |TAMS 0x0000000085e00000, 0x0000000085e00000| Untracked 
|  95|0x0000000085f00000, 0x0000000085f00000, 0x0000000086000000|  0%| F|  |TAMS 0x0000000085f00000, 0x0000000085f00000| Untracked 
|  96|0x0000000086000000, 0x0000000086000000, 0x0000000086100000|  0%| F|  |TAMS 0x0000000086000000, 0x0000000086000000| Untracked 
|  97|0x0000000086100000, 0x0000000086100000, 0x0000000086200000|  0%| F|  |TAMS 0x0000000086100000, 0x0000000086100000| Untracked 
|  98|0x0000000086200000, 0x0000000086200000, 0x0000000086300000|  0%| F|  |TAMS 0x0000000086200000, 0x0000000086200000| Untracked 
|  99|0x0000000086300000, 0x0000000086300000, 0x0000000086400000|  0%| F|  |TAMS 0x0000000086300000, 0x0000000086300000| Untracked 
| 100|0x0000000086400000, 0x0000000086400000, 0x0000000086500000|  0%| F|  |TAMS 0x0000000086400000, 0x0000000086400000| Untracked 
| 101|0x0000000086500000, 0x0000000086500000, 0x0000000086600000|  0%| F|  |TAMS 0x0000000086500000, 0x0000000086500000| Untracked 
| 102|0x0000000086600000, 0x0000000086600000, 0x0000000086700000|  0%| F|  |TAMS 0x0000000086600000, 0x0000000086600000| Untracked 
| 103|0x0000000086700000, 0x0000000086700000, 0x0000000086800000|  0%| F|  |TAMS 0x0000000086700000, 0x0000000086700000| Untracked 
| 104|0x0000000086800000, 0x0000000086800000, 0x0000000086900000|  0%| F|  |TAMS 0x0000000086800000, 0x0000000086800000| Untracked 
| 105|0x0000000086900000, 0x0000000086900000, 0x0000000086a00000|  0%| F|  |TAMS 0x0000000086900000, 0x0000000086900000| Untracked 
| 125|0x0000000087d00000, 0x0000000087d00000, 0x0000000087e00000|  0%| F|  |TAMS 0x0000000087d00000, 0x0000000087d00000| Untracked 

Card table byte_map: [0x000001b648680000,0x000001b648a80000] _byte_map_base: 0x000001b648280000

Marking Bits (Prev, Next): (CMBitMap*) 0x000001b635add6d0, (CMBitMap*) 0x000001b635add690
 Prev Bits: [0x000001b64ae80000, 0x000001b64ce80000)
 Next Bits: [0x000001b648e80000, 0x000001b64ae80000)

Polling page: 0x000001b635240000

Metaspace:

Usage:
  Non-class:     63.57 MB used.
      Class:      9.84 MB used.
       Both:     73.41 MB used.

Virtual space:
  Non-class space:      128.00 MB reserved,      63.88 MB ( 50%) committed,  2 nodes.
      Class space:        1.00 GB reserved,      10.12 MB ( <1%) committed,  1 nodes.
             Both:        1.12 GB reserved,      74.00 MB (  6%) committed. 

Chunk freelists:
   Non-Class:  15.81 MB
       Class:  5.78 MB
        Both:  21.59 MB

MaxMetaspaceSize: unlimited
CompressedClassSpaceSize: 1.00 GB
Initial GC threshold: 21.00 MB
Current GC threshold: 120.94 MB
CDS: off
MetaspaceReclaimPolicy: balanced
 - commit_granule_bytes: 65536.
 - commit_granule_words: 8192.
 - virtual_space_node_default_size: 8388608.
 - enlarge_chunks_in_place: 1.
 - new_chunks_are_fully_committed: 0.
 - uncommit_free_chunks: 1.
 - use_allocation_guard: 0.
 - handle_deallocations: 1.


Internal statistics:

num_allocs_failed_limit: 6.
num_arena_births: 762.
num_arena_deaths: 0.
num_vsnodes_births: 3.
num_vsnodes_deaths: 0.
num_space_committed: 1184.
num_space_uncommitted: 0.
num_chunks_returned_to_freelist: 6.
num_chunks_taken_from_freelist: 3299.
num_chunk_merges: 3.
num_chunk_splits: 2236.
num_chunks_enlarged: 1560.
num_inconsistent_stats: 0.

CodeHeap 'non-profiled nmethods': size=120000Kb used=3269Kb max_used=3408Kb free=116730Kb
 bounds [0x000001b640a20000, 0x000001b640d80000, 0x000001b647f50000]
CodeHeap 'profiled nmethods': size=120000Kb used=12529Kb max_used=12529Kb free=107470Kb
 bounds [0x000001b638f50000, 0x000001b639b90000, 0x000001b640480000]
CodeHeap 'non-nmethods': size=5760Kb used=2370Kb max_used=2426Kb free=3389Kb
 bounds [0x000001b640480000, 0x000001b640700000, 0x000001b640a20000]
 total_blobs=7361 nmethods=6466 adapters=805
 compilation: enabled
              stopped_count=0, restarted_count=0
 full_count=0

Compilation events (20 events):
Event: 27.282 Thread 0x000001b64fa77cd0 7285       4       org.objectweb.asm.Attribute::computeAttributesSize (62 bytes)
Event: 27.285 Thread 0x000001b64fa77cd0 nmethod 7285 0x000001b640c38590 code [0x000001b640c38720, 0x000001b640c38848]
Event: 27.285 Thread 0x000001b64fa77cd0 7284       4       jdk.internal.org.objectweb.asm.ByteVector::putByteArray (49 bytes)
Event: 27.287 Thread 0x000001b64fa77cd0 nmethod 7284 0x000001b640c38190 code [0x000001b640c38300, 0x000001b640c38478]
Event: 27.369 Thread 0x000001b64fa77cd0 7299       4       com.google.common.collect.MapMakerInternalMap$Segment::getEntry (80 bytes)
Event: 27.380 Thread 0x000001b64fa77cd0 nmethod 7299 0x000001b640c37810 code [0x000001b640c379c0, 0x000001b640c37d58]
Event: 27.380 Thread 0x000001b64fa77cd0 7302       4       org.objectweb.asm.ClassVisitor::visitMethod (24 bytes)
Event: 27.457 Thread 0x000001b64fa77cd0 nmethod 7302 0x000001b640c34d90 code [0x000001b640c35000, 0x000001b640c36b80]
Event: 27.457 Thread 0x000001b64fa77cd0 7304   !   4       jdk.internal.loader.BuiltinClassLoader::loadClassOrNull (143 bytes)
Event: 27.469 Thread 0x000001b64fa77cd0 nmethod 7304 0x000001b640b93190 code [0x000001b640b93380, 0x000001b640b93b20]
Event: 27.469 Thread 0x000001b64fa77cd0 7305       4       java.lang.Class::copyMethods (36 bytes)
Event: 27.479 Thread 0x000001b64fa78680 7312       3       jdk.proxy1.$Proxy2::<init> (6 bytes)
Event: 27.479 Thread 0x000001b64fa78680 nmethod 7312 0x000001b639b8be10 code [0x000001b639b8bfe0, 0x000001b639b8c368]
Event: 27.486 Thread 0x000001b64fa77cd0 nmethod 7305 0x000001b640b92690 code [0x000001b640b92820, 0x000001b640b92ed8]
Event: 27.486 Thread 0x000001b64fa77cd0 7306       4       java.util.TreeMap::successor (66 bytes)
Event: 27.489 Thread 0x000001b64fa77cd0 nmethod 7306 0x000001b640c34910 code [0x000001b640c34a80, 0x000001b640c34b78]
Event: 27.489 Thread 0x000001b64fa77cd0 7311       4       org.objectweb.asm.MethodVisitor::visitMethodInsn (80 bytes)
Event: 27.524 Thread 0x000001b64fa77cd0 nmethod 7311 0x000001b640b90690 code [0x000001b640b90900, 0x000001b640b919a0]
Event: 27.524 Thread 0x000001b64fa77cd0 7313       4       org.objectweb.asm.MethodWriter::visitMethodInsn (191 bytes)
Event: 27.558 Thread 0x000001b64fa77cd0 nmethod 7313 0x000001b640b8e890 code [0x000001b640b8eae0, 0x000001b640b8fa40]

GC Heap History (20 events):
Event: 20.685 GC heap after
{Heap after GC invocations=33 (full 0):
 garbage-first heap   total 89088K, used 50265K [0x0000000080000000, 0x0000000100000000)
  region size 1024K, 2 young (2048K), 2 survivors (2048K)
 Metaspace       used 58233K, committed 58752K, reserved 1114112K
  class space    used 7845K, committed 8128K, reserved 1048576K
}
Event: 21.273 GC heap before
{Heap before GC invocations=34 (full 0):
 garbage-first heap   total 89088K, used 66649K [0x0000000080000000, 0x0000000100000000)
  region size 1024K, 19 young (19456K), 2 survivors (2048K)
 Metaspace       used 60279K, committed 60800K, reserved 1114112K
  class space    used 8068K, committed 8320K, reserved 1048576K
}
Event: 21.278 GC heap after
{Heap after GC invocations=35 (full 0):
 garbage-first heap   total 89088K, used 50659K [0x0000000080000000, 0x0000000100000000)
  region size 1024K, 2 young (2048K), 2 survivors (2048K)
 Metaspace       used 60279K, committed 60800K, reserved 1114112K
  class space    used 8068K, committed 8320K, reserved 1048576K
}
Event: 21.359 GC heap before
{Heap before GC invocations=35 (full 0):
 garbage-first heap   total 89088K, used 52707K [0x0000000080000000, 0x0000000100000000)
  region size 1024K, 4 young (4096K), 2 survivors (2048K)
 Metaspace       used 60542K, committed 61056K, reserved 1114112K
  class space    used 8098K, committed 8320K, reserved 1048576K
}
Event: 21.363 GC heap after
{Heap after GC invocations=36 (full 0):
 garbage-first heap   total 89088K, used 50160K [0x0000000080000000, 0x0000000100000000)
  region size 1024K, 1 young (1024K), 1 survivors (1024K)
 Metaspace       used 60542K, committed 61056K, reserved 1114112K
  class space    used 8098K, committed 8320K, reserved 1048576K
}
Event: 22.099 GC heap before
{Heap before GC invocations=36 (full 0):
 garbage-first heap   total 89088K, used 69616K [0x0000000080000000, 0x0000000100000000)
  region size 1024K, 20 young (20480K), 1 survivors (1024K)
 Metaspace       used 63319K, committed 63936K, reserved 1114112K
  class space    used 8503K, committed 8768K, reserved 1048576K
}
Event: 22.105 GC heap after
{Heap after GC invocations=37 (full 0):
 garbage-first heap   total 89088K, used 51108K [0x0000000080000000, 0x0000000100000000)
  region size 1024K, 2 young (2048K), 2 survivors (2048K)
 Metaspace       used 63319K, committed 63936K, reserved 1114112K
  class space    used 8503K, committed 8768K, reserved 1048576K
}
Event: 22.725 GC heap before
{Heap before GC invocations=38 (full 0):
 garbage-first heap   total 91136K, used 61348K [0x0000000080000000, 0x0000000100000000)
  region size 1024K, 13 young (13312K), 2 survivors (2048K)
 Metaspace       used 65148K, committed 65728K, reserved 1114112K
  class space    used 8725K, committed 9024K, reserved 1048576K
}
Event: 22.730 GC heap after
{Heap after GC invocations=39 (full 0):
 garbage-first heap   total 91136K, used 52594K [0x0000000080000000, 0x0000000100000000)
  region size 1024K, 3 young (3072K), 3 survivors (3072K)
 Metaspace       used 65148K, committed 65728K, reserved 1114112K
  class space    used 8725K, committed 9024K, reserved 1048576K
}
Event: 22.937 GC heap before
{Heap before GC invocations=40 (full 0):
 garbage-first heap   total 102400K, used 64882K [0x0000000080000000, 0x0000000100000000)
  region size 1024K, 12 young (12288K), 3 survivors (3072K)
 Metaspace       used 65153K, committed 65728K, reserved 1114112K
  class space    used 8725K, committed 9024K, reserved 1048576K
}
Event: 22.944 GC heap after
{Heap after GC invocations=41 (full 0):
 garbage-first heap   total 102400K, used 58412K [0x0000000080000000, 0x0000000100000000)
  region size 1024K, 3 young (3072K), 3 survivors (3072K)
 Metaspace       used 65153K, committed 65728K, reserved 1114112K
  class space    used 8725K, committed 9024K, reserved 1048576K
}
Event: 23.652 GC heap before
{Heap before GC invocations=42 (full 0):
 garbage-first heap   total 109568K, used 78892K [0x0000000080000000, 0x0000000100000000)
  region size 1024K, 21 young (21504K), 3 survivors (3072K)
 Metaspace       used 66428K, committed 66944K, reserved 1114112K
  class space    used 8896K, committed 9152K, reserved 1048576K
}
Event: 23.657 GC heap after
{Heap after GC invocations=43 (full 0):
 garbage-first heap   total 109568K, used 57145K [0x0000000080000000, 0x0000000100000000)
  region size 1024K, 3 young (3072K), 3 survivors (3072K)
 Metaspace       used 66428K, committed 66944K, reserved 1114112K
  class space    used 8896K, committed 9152K, reserved 1048576K
}
Event: 24.292 GC heap before
{Heap before GC invocations=43 (full 0):
 garbage-first heap   total 109568K, used 80697K [0x0000000080000000, 0x0000000100000000)
  region size 1024K, 26 young (26624K), 3 survivors (3072K)
 Metaspace       used 68163K, committed 68736K, reserved 1114112K
  class space    used 9134K, committed 9408K, reserved 1048576K
}
Event: 24.300 GC heap after
{Heap after GC invocations=44 (full 0):
 garbage-first heap   total 109568K, used 58051K [0x0000000080000000, 0x0000000100000000)
  region size 1024K, 4 young (4096K), 4 survivors (4096K)
 Metaspace       used 68163K, committed 68736K, reserved 1114112K
  class space    used 9134K, committed 9408K, reserved 1048576K
}
Event: 25.429 GC heap before
{Heap before GC invocations=45 (full 0):
 garbage-first heap   total 109568K, used 80579K [0x0000000080000000, 0x0000000100000000)
  region size 1024K, 28 young (28672K), 4 survivors (4096K)
 Metaspace       used 70502K, committed 71040K, reserved 1114112K
  class space    used 9465K, committed 9728K, reserved 1048576K
}
Event: 25.435 GC heap after
{Heap after GC invocations=46 (full 0):
 garbage-first heap   total 109568K, used 58287K [0x0000000080000000, 0x0000000100000000)
  region size 1024K, 3 young (3072K), 3 survivors (3072K)
 Metaspace       used 70502K, committed 71040K, reserved 1114112K
  class space    used 9465K, committed 9728K, reserved 1048576K
}
Event: 26.474 GC heap before
{Heap before GC invocations=46 (full 0):
 garbage-first heap   total 109568K, used 84911K [0x0000000080000000, 0x0000000100000000)
  region size 1024K, 29 young (29696K), 3 survivors (3072K)
 Metaspace       used 73710K, committed 74304K, reserved 1114112K
  class space    used 9883K, committed 10176K, reserved 1048576K
}
Event: 26.481 GC heap after
{Heap after GC invocations=47 (full 0):
 garbage-first heap   total 109568K, used 60141K [0x0000000080000000, 0x0000000100000000)
  region size 1024K, 3 young (3072K), 3 survivors (3072K)
 Metaspace       used 73710K, committed 74304K, reserved 1114112K
  class space    used 9883K, committed 10176K, reserved 1048576K
}
Event: 27.563 GC heap before
{Heap before GC invocations=48 (full 0):
 garbage-first heap   total 109568K, used 86765K [0x0000000080000000, 0x0000000100000000)
  region size 1024K, 29 young (29696K), 3 survivors (3072K)
 Metaspace       used 75170K, committed 75776K, reserved 1179648K
  class space    used 10077K, committed 10368K, reserved 1048576K
}

Dll operation events (3 events):
Event: 0.064 Loaded shared library C:\Program Files\Android\Android Studio1\jbr\bin\java.dll
Event: 0.446 Loaded shared library C:\Program Files\Android\Android Studio1\jbr\bin\zip.dll
Event: 1.296 Loaded shared library C:\Program Files\Android\Android Studio1\jbr\bin\verify.dll

Deoptimization events (20 events):
Event: 26.318 Thread 0x000001b655dbd3f0 Uncommon trap: trap_request=0xffffffde fr.pc=0x000001b640ab04ac relative=0x00000000000004cc
Event: 26.318 Thread 0x000001b655dbd3f0 Uncommon trap: reason=class_check action=maybe_recompile pc=0x000001b640ab04ac method=kotlin.reflect.jvm.internal.impl.protobuf.CodedInputStream.tryRefillBuffer(I)Z @ 175 c2
Event: 26.318 Thread 0x000001b655dbd3f0 DEOPT PACKING pc=0x000001b640ab04ac sp=0x00000054b66f8360
Event: 26.318 Thread 0x000001b655dbd3f0 DEOPT UNPACKING pc=0x000001b6404d69a3 sp=0x00000054b66f8248 mode 2
Event: 26.324 Thread 0x000001b655dbd3f0 Uncommon trap: trap_request=0xffffffde fr.pc=0x000001b640ab04ac relative=0x00000000000004cc
Event: 26.324 Thread 0x000001b655dbd3f0 Uncommon trap: reason=class_check action=maybe_recompile pc=0x000001b640ab04ac method=kotlin.reflect.jvm.internal.impl.protobuf.CodedInputStream.tryRefillBuffer(I)Z @ 175 c2
Event: 26.324 Thread 0x000001b655dbd3f0 DEOPT PACKING pc=0x000001b640ab04ac sp=0x00000054b66f8460
Event: 26.324 Thread 0x000001b655dbd3f0 DEOPT UNPACKING pc=0x000001b6404d69a3 sp=0x00000054b66f8348 mode 2
Event: 26.340 Thread 0x000001b655dbd3f0 Uncommon trap: trap_request=0xffffffde fr.pc=0x000001b640ab04ac relative=0x00000000000004cc
Event: 26.340 Thread 0x000001b655dbd3f0 Uncommon trap: reason=class_check action=maybe_recompile pc=0x000001b640ab04ac method=kotlin.reflect.jvm.internal.impl.protobuf.CodedInputStream.tryRefillBuffer(I)Z @ 175 c2
Event: 26.340 Thread 0x000001b655dbd3f0 DEOPT PACKING pc=0x000001b640ab04ac sp=0x00000054b66f8460
Event: 26.340 Thread 0x000001b655dbd3f0 DEOPT UNPACKING pc=0x000001b6404d69a3 sp=0x00000054b66f8348 mode 2
Event: 26.504 Thread 0x000001b65744eed0 Uncommon trap: trap_request=0xffffffc6 fr.pc=0x000001b640a512b4 relative=0x00000000000001f4
Event: 26.504 Thread 0x000001b65744eed0 Uncommon trap: reason=bimorphic_or_optimized_type_check action=maybe_recompile pc=0x000001b640a512b4 method=java.io.BufferedInputStream.read1([BII)I @ 39 c2
Event: 26.505 Thread 0x000001b65744eed0 DEOPT PACKING pc=0x000001b640a512b4 sp=0x00000054b7dfe020
Event: 26.505 Thread 0x000001b65744eed0 DEOPT UNPACKING pc=0x000001b6404d69a3 sp=0x00000054b7dfdfd8 mode 2
Event: 26.505 Thread 0x000001b65744eed0 Uncommon trap: trap_request=0xffffff45 fr.pc=0x000001b640cd9558 relative=0x0000000000000218
Event: 26.505 Thread 0x000001b65744eed0 Uncommon trap: reason=unstable_if action=reinterpret pc=0x000001b640cd9558 method=com.esotericsoftware.kryo.io.Input.readVarInt(Z)I @ 42 c2
Event: 26.505 Thread 0x000001b65744eed0 DEOPT PACKING pc=0x000001b640cd9558 sp=0x00000054b7dfe2b0
Event: 26.506 Thread 0x000001b65744eed0 DEOPT UNPACKING pc=0x000001b6404d69a3 sp=0x00000054b7dfe1a0 mode 2

Classes unloaded (0 events):
No events

Classes redefined (0 events):
No events

Internal exceptions (20 events):
Event: 17.617 Thread 0x000001b654b86c10 Exception <a 'java/lang/NoSuchMethodError'{0x0000000084902088}: static Lorg/gradle/internal/build/event/types/DefaultOperationFinishedProgressEvent;.<clinit>()V> (0x0000000084902088) 
thrown [s\src\hotspot\share\prims\jni.cpp, line 1108]
Event: 17.624 Thread 0x000001b654b86c10 Exception <a 'java/lang/NoSuchMethodError'{0x000000008492ef40}: static Lorg/gradle/internal/build/event/types/DefaultProjectConfigurationSuccessResult;.<clinit>()V> (0x000000008492ef40) 
thrown [s\src\hotspot\share\prims\jni.cpp, line 1108]
Event: 17.624 Thread 0x000001b654b86c10 Exception <a 'java/lang/NoSuchMethodError'{0x00000000849304d8}: static Lorg/gradle/internal/build/event/types/AbstractProjectConfigurationResult;.<clinit>()V> (0x00000000849304d8) 
thrown [s\src\hotspot\share\prims\jni.cpp, line 1108]
Event: 17.625 Thread 0x000001b654b86c10 Exception <a 'java/lang/NoSuchMethodError'{0x0000000084931c20}: static Lorg/gradle/internal/build/event/types/AbstractOperationResult;.<clinit>()V> (0x0000000084931c20) 
thrown [s\src\hotspot\share\prims\jni.cpp, line 1108]
Event: 17.625 Thread 0x000001b654b86c10 Exception <a 'java/lang/NoSuchMethodError'{0x0000000084933098}: static Lorg/gradle/internal/build/event/types/AbstractResult;.<clinit>()V> (0x0000000084933098) 
thrown [s\src\hotspot\share\prims\jni.cpp, line 1108]
Event: 17.628 Thread 0x000001b654b86c10 Exception <a 'java/lang/NoSuchMethodError'{0x000000008494bd08}: static Lorg/gradle/internal/build/event/types/DefaultPluginApplicationResult;.<clinit>()V> (0x000000008494bd08) 
thrown [s\src\hotspot\share\prims\jni.cpp, line 1108]
Event: 17.629 Thread 0x000001b654b86c10 Exception <a 'java/lang/NoSuchMethodError'{0x0000000084958b30}: static Lorg/gradle/internal/build/event/types/DefaultBinaryPluginIdentifier;.<clinit>()V> (0x0000000084958b30) 
thrown [s\src\hotspot\share\prims\jni.cpp, line 1108]
Event: 17.632 Thread 0x000001b654b86c10 Exception <a 'java/lang/NoSuchMethodError'{0x00000000849729d0}: static Lorg/gradle/internal/build/event/types/DefaultScriptPluginIdentifier;.<clinit>()V> (0x00000000849729d0) 
thrown [s\src\hotspot\share\prims\jni.cpp, line 1108]
Event: 17.781 Thread 0x000001b655dbd3f0 Implicit null exception at 0x000001b640cd8392 to 0x000001b640cd8ab4
Event: 18.937 Thread 0x000001b655dbd3f0 Exception <a 'java/lang/ClassNotFoundException'{0x0000000084dfed78}: sun/misc/SharedSecrets> (0x0000000084dfed78) 
thrown [s\src\hotspot\share\classfile\systemDictionary.cpp, line 256]
Event: 18.937 Thread 0x000001b655dbd3f0 Exception <a 'java/lang/ClassNotFoundException'{0x0000000084c00598}: org/gradle/api/internal/plugins/DefaultObjectConfigurationActionBeanInfo> (0x0000000084c00598) 
thrown [s\src\hotspot\share\classfile\systemDictionary.cpp, line 256]
Event: 18.939 Thread 0x000001b655dbd3f0 Exception <a 'java/lang/ClassNotFoundException'{0x0000000084c151f0}: org/gradle/api/internal/plugins/DefaultObjectConfigurationActionCustomizer> (0x0000000084c151f0) 
thrown [s\src\hotspot\share\classfile\systemDictionary.cpp, line 256]
Event: 19.878 Thread 0x000001b655dbd3f0 Exception <a 'java/lang/NoSuchMethodError'{0x0000000084db39e0}: 'java.lang.Object java.lang.invoke.DirectMethodHandle$Holder.newInvokeSpecial(java.lang.Object, java.lang.Object, java.lang.Object, java.lang.Object, int)'> (0x0000000084db39e0) 
thrown [s\src\hotspot\share\interpreter\linkResolver.cpp, line 771]
Event: 19.878 Thread 0x000001b655dbd3f0 Exception <a 'java/lang/NoSuchMethodError'{0x0000000084db8e28}: 'java.lang.Object java.lang.invoke.DirectMethodHandle$Holder.invokeSpecial(java.lang.Object, java.lang.Object, java.lang.Object, java.lang.Object, java.lang.Object, int)'> (0x0000000084db8e28) 
thrown [s\src\hotspot\share\interpreter\linkResolver.cpp, line 771]
Event: 19.879 Thread 0x000001b655dbd3f0 Exception <a 'java/lang/NoSuchMethodError'{0x0000000084dbdba8}: 'java.lang.Object java.lang.invoke.Invokers$Holder.linkToTargetMethod(java.lang.Object, java.lang.Object, java.lang.Object, int, java.lang.Object)'> (0x0000000084dbdba8) 
thrown [s\src\hotspot\share\interpreter\linkResolver.cpp, line 771]
Event: 20.493 Thread 0x000001b655dbd3f0 Exception <a 'java/lang/NoSuchMethodError'{0x0000000084a4ebb0}: 'int java.lang.invoke.DirectMethodHandle$Holder.invokeInterface(java.lang.Object, java.lang.Object, java.lang.Object, java.lang.Object)'> (0x0000000084a4ebb0) 
thrown [s\src\hotspot\share\interpreter\linkResolver.cpp, line 771]
Event: 21.924 Thread 0x000001b655dbd3f0 Exception <a 'java/lang/IncompatibleClassChangeError'{0x0000000084786950}: Found class java.lang.Object, but interface was expected> (0x0000000084786950) 
thrown [s\src\hotspot\share\interpreter\linkResolver.cpp, line 838]
Event: 22.025 Thread 0x000001b655dbd3f0 Implicit null exception at 0x000001b640d5c7d6 to 0x000001b640d5cf20
Event: 22.488 Thread 0x000001b655dbd3f0 Implicit null exception at 0x000001b640be090c to 0x000001b640be0a46
Event: 23.154 Thread 0x000001b655dbd3f0 Exception <a 'sun/nio/fs/WindowsException'{0x0000000086046e78}> (0x0000000086046e78) 
thrown [s\src\hotspot\share\prims\jni.cpp, line 517]

VM Operations (20 events):
Event: 24.300 Executing VM operation: G1CollectForAllocation done
Event: 24.386 Executing VM operation: G1Concurrent
Event: 24.395 Executing VM operation: G1Concurrent done
Event: 24.427 Executing VM operation: G1Concurrent
Event: 24.427 Executing VM operation: G1Concurrent done
Event: 25.429 Executing VM operation: G1CollectForAllocation
Event: 25.435 Executing VM operation: G1CollectForAllocation done
Event: 26.439 Executing VM operation: Cleanup
Event: 26.439 Executing VM operation: Cleanup done
Event: 26.474 Executing VM operation: G1CollectForAllocation
Event: 26.482 Executing VM operation: G1CollectForAllocation done
Event: 26.555 Executing VM operation: G1Concurrent
Event: 26.561 Executing VM operation: G1Concurrent done
Event: 26.597 Executing VM operation: G1Concurrent
Event: 26.600 Executing VM operation: G1Concurrent done
Event: 27.044 Executing VM operation: HandshakeAllThreads
Event: 27.044 Executing VM operation: HandshakeAllThreads done
Event: 27.077 Executing VM operation: HandshakeAllThreads
Event: 27.077 Executing VM operation: HandshakeAllThreads done
Event: 27.562 Executing VM operation: G1CollectForAllocation

Events (20 events):
Event: 22.582 loading class sun/security/provider/DSA$SHA256withDSA
Event: 22.582 loading class sun/security/provider/DSA$SHA256withDSA done
Event: 22.698 loading class java/util/Base64
Event: 22.699 loading class java/util/Base64 done
Event: 22.699 loading class java/util/Base64$Decoder
Event: 22.700 loading class java/util/Base64$Decoder done
Event: 22.700 loading class java/util/Base64$Encoder
Event: 22.700 loading class java/util/Base64$Encoder done
Event: 22.702 loading class java/util/jar/JarVerifier$VerifierStream
Event: 22.703 loading class java/util/jar/JarVerifier$VerifierStream done
Event: 22.703 loading class sun/security/util/ManifestEntryVerifier$SunProviderHolder
Event: 22.703 loading class sun/security/util/ManifestEntryVerifier$SunProviderHolder done
Event: 24.069 loading class java/security/KeyStore
Event: 24.072 loading class java/security/KeyStore done
Event: 24.072 loading class java/security/KeyStore$1
Event: 24.072 loading class java/security/KeyStore$1 done
Event: 24.537 loading class javax/xml/stream/XMLStreamException
Event: 24.538 loading class javax/xml/stream/XMLStreamException done
Event: 24.601 loading class sun/reflect/annotation/AnnotationInvocationHandler$1
Event: 24.601 loading class sun/reflect/annotation/AnnotationInvocationHandler$1 done


Dynamic libraries:
0x00007ff663c90000 - 0x00007ff663c9a000 	C:\Program Files\Android\Android Studio1\jbr\bin\java.exe
0x00007ff92e870000 - 0x00007ff92ea86000 	C:\WINDOWS\SYSTEM32\ntdll.dll
0x00007ff92cf10000 - 0x00007ff92cfd4000 	C:\WINDOWS\System32\KERNEL32.DLL
0x00007ff92bd50000 - 0x00007ff92c0f7000 	C:\WINDOWS\System32\KERNELBASE.dll
0x00007ff92bc00000 - 0x00007ff92bd11000 	C:\WINDOWS\System32\ucrtbase.dll
0x00007ff91dce0000 - 0x00007ff91dcf7000 	C:\Program Files\Android\Android Studio1\jbr\bin\jli.dll
0x00007ff90d0b0000 - 0x00007ff90d0cb000 	C:\Program Files\Android\Android Studio1\jbr\bin\VCRUNTIME140.dll
0x00007ff92c7f0000 - 0x00007ff92c99e000 	C:\WINDOWS\System32\USER32.dll
0x00007ff92bd20000 - 0x00007ff92bd46000 	C:\WINDOWS\System32\win32u.dll
0x00007ff90f5f0000 - 0x00007ff90f883000 	C:\WINDOWS\WinSxS\amd64_microsoft.windows.common-controls_6595b64144ccf1df_6.0.22621.3235_none_270f74e173860f98\COMCTL32.dll
0x00007ff92c9a0000 - 0x00007ff92ca47000 	C:\WINDOWS\System32\msvcrt.dll
0x00007ff92cfe0000 - 0x00007ff92d009000 	C:\WINDOWS\System32\GDI32.dll
0x00007ff92c270000 - 0x00007ff92c389000 	C:\WINDOWS\System32\gdi32full.dll
0x00007ff92c480000 - 0x00007ff92c51a000 	C:\WINDOWS\System32\msvcp_win.dll
0x00007ff92cac0000 - 0x00007ff92caf1000 	C:\WINDOWS\System32\IMM32.DLL
0x00007ff9105c0000 - 0x00007ff9105cc000 	C:\Program Files\Android\Android Studio1\jbr\bin\vcruntime140_1.dll
0x00007ff909300000 - 0x00007ff90938d000 	C:\Program Files\Android\Android Studio1\jbr\bin\msvcp140.dll
0x00007ff8c5e80000 - 0x00007ff8c6b00000 	C:\Program Files\Android\Android Studio1\jbr\bin\server\jvm.dll
0x00007ff92dd20000 - 0x00007ff92ddd2000 	C:\WINDOWS\System32\ADVAPI32.dll
0x00007ff92dc40000 - 0x00007ff92dce8000 	C:\WINDOWS\System32\sechost.dll
0x00007ff92c390000 - 0x00007ff92c3b8000 	C:\WINDOWS\System32\bcrypt.dll
0x00007ff92e680000 - 0x00007ff92e795000 	C:\WINDOWS\System32\RPCRT4.dll
0x00007ff923ce0000 - 0x00007ff923ce9000 	C:\WINDOWS\SYSTEM32\WSOCK32.dll
0x00007ff92df40000 - 0x00007ff92dfb1000 	C:\WINDOWS\System32\WS2_32.dll
0x00007ff924730000 - 0x00007ff924764000 	C:\WINDOWS\SYSTEM32\WINMM.dll
0x00007ff92a650000 - 0x00007ff92a65a000 	C:\WINDOWS\SYSTEM32\VERSION.dll
0x00007ff92abd0000 - 0x00007ff92abe8000 	C:\WINDOWS\SYSTEM32\kernel.appcore.dll
0x00007ff923cb0000 - 0x00007ff923cba000 	C:\Program Files\Android\Android Studio1\jbr\bin\jimage.dll
0x00007ff9292b0000 - 0x00007ff9294e3000 	C:\WINDOWS\SYSTEM32\DBGHELP.DLL
0x00007ff92cb00000 - 0x00007ff92ce88000 	C:\WINDOWS\System32\combase.dll
0x00007ff92c700000 - 0x00007ff92c7d7000 	C:\WINDOWS\System32\OLEAUT32.dll
0x00007ff923c50000 - 0x00007ff923c82000 	C:\WINDOWS\SYSTEM32\dbgcore.DLL
0x00007ff92c520000 - 0x00007ff92c599000 	C:\WINDOWS\System32\bcryptPrimitives.dll
0x00007ff91e2b0000 - 0x00007ff91e2be000 	C:\Program Files\Android\Android Studio1\jbr\bin\instrument.dll
0x00007ff920b50000 - 0x00007ff920b75000 	C:\Program Files\Android\Android Studio1\jbr\bin\java.dll
0x00007ff91f3c0000 - 0x00007ff91f3d8000 	C:\Program Files\Android\Android Studio1\jbr\bin\zip.dll
0x00007ff92d3e0000 - 0x00007ff92dc3c000 	C:\WINDOWS\System32\SHELL32.dll
0x00007ff9299c0000 - 0x00007ff92a2b9000 	C:\WINDOWS\SYSTEM32\windows.storage.dll
0x00007ff929880000 - 0x00007ff9299be000 	C:\WINDOWS\SYSTEM32\wintypes.dll
0x00007ff92c600000 - 0x00007ff92c6f3000 	C:\WINDOWS\System32\SHCORE.dll
0x00007ff92d2d0000 - 0x00007ff92d32e000 	C:\WINDOWS\System32\shlwapi.dll
0x00007ff92bac0000 - 0x00007ff92bae1000 	C:\WINDOWS\SYSTEM32\profapi.dll
0x00007ff91f2c0000 - 0x00007ff91f2d9000 	C:\Program Files\Android\Android Studio1\jbr\bin\net.dll
0x00007ff924f00000 - 0x00007ff925036000 	C:\WINDOWS\SYSTEM32\WINHTTP.dll
0x00007ff92b040000 - 0x00007ff92b0a9000 	C:\WINDOWS\system32\mswsock.dll
0x00007ff91f2a0000 - 0x00007ff91f2b6000 	C:\Program Files\Android\Android Studio1\jbr\bin\nio.dll
0x00007ff91e750000 - 0x00007ff91e760000 	C:\Program Files\Android\Android Studio1\jbr\bin\verify.dll
0x00007ff906830000 - 0x00007ff906857000 	C:\Users\User\.gradle\native\68d5fa5c4cc2d200863cafc0d521ce42e7d3e7ee720ec0a83991735586a16f82\windows-amd64\native-platform.dll
0x00007ff8e60b0000 - 0x00007ff8e61f4000 	C:\Users\User\.gradle\native\e376f236ea51e6404a007f0833ffe2c6e607c4080706a723a18a27aeea778392\windows-amd64\native-platform-file-events.dll
0x00007ff91e740000 - 0x00007ff91e749000 	C:\Program Files\Android\Android Studio1\jbr\bin\management.dll
0x00007ff91e730000 - 0x00007ff91e73b000 	C:\Program Files\Android\Android Studio1\jbr\bin\management_ext.dll
0x00007ff92c7e0000 - 0x00007ff92c7e8000 	C:\WINDOWS\System32\PSAPI.DLL
0x00007ff92b2a0000 - 0x00007ff92b2bb000 	C:\WINDOWS\SYSTEM32\CRYPTSP.dll
0x00007ff92ab30000 - 0x00007ff92ab65000 	C:\WINDOWS\system32\rsaenh.dll
0x00007ff92b140000 - 0x00007ff92b168000 	C:\WINDOWS\SYSTEM32\USERENV.dll
0x00007ff92b2c0000 - 0x00007ff92b2cc000 	C:\WINDOWS\SYSTEM32\CRYPTBASE.dll
0x00007ff92a4e0000 - 0x00007ff92a50d000 	C:\WINDOWS\SYSTEM32\IPHLPAPI.DLL
0x00007ff92cf00000 - 0x00007ff92cf09000 	C:\WINDOWS\System32\NSI.dll
0x00007ff924bd0000 - 0x00007ff924be9000 	C:\WINDOWS\SYSTEM32\dhcpcsvc6.DLL
0x00007ff924bb0000 - 0x00007ff924bcf000 	C:\WINDOWS\SYSTEM32\dhcpcsvc.DLL
0x00007ff92a510000 - 0x00007ff92a609000 	C:\WINDOWS\SYSTEM32\DNSAPI.dll
0x00007ff91f250000 - 0x00007ff91f258000 	C:\WINDOWS\system32\wshunix.dll

dbghelp: loaded successfully - version: 4.0.5 - missing functions: none
symbol engine: initialized successfully - sym options: 0x614 - pdb path: .;C:\Program Files\Android\Android Studio1\jbr\bin;C:\WINDOWS\SYSTEM32;C:\WINDOWS\WinSxS\amd64_microsoft.windows.common-controls_6595b64144ccf1df_6.0.22621.3235_none_270f74e173860f98;C:\Program Files\Android\Android Studio1\jbr\bin\server;C:\Users\User\.gradle\native\68d5fa5c4cc2d200863cafc0d521ce42e7d3e7ee720ec0a83991735586a16f82\windows-amd64;C:\Users\User\.gradle\native\e376f236ea51e6404a007f0833ffe2c6e607c4080706a723a18a27aeea778392\windows-amd64

VM Arguments:
jvm_args: --add-opens=java.base/java.util=ALL-UNNAMED --add-opens=java.base/java.lang=ALL-UNNAMED --add-opens=java.base/java.lang.invoke=ALL-UNNAMED --add-opens=java.prefs/java.util.prefs=ALL-UNNAMED --add-opens=java.base/java.nio.charset=ALL-UNNAMED --add-opens=java.base/java.net=ALL-UNNAMED --add-opens=java.base/java.util.concurrent.atomic=ALL-UNNAMED -Xmx2048m -Dfile.encoding=UTF-8 -Duser.country=GB -Duser.language=en -Duser.variant -javaagent:C:\Users\User\.gradle\wrapper\dists\gradle-8.2-bin\bbg7u40eoinfdyxsxr3z4i7ta\gradle-8.2\lib\agents\gradle-instrumentation-agent-8.2.jar 
java_command: org.gradle.launcher.daemon.bootstrap.GradleDaemon 8.2
java_class_path (initial): C:\Users\User\.gradle\wrapper\dists\gradle-8.2-bin\bbg7u40eoinfdyxsxr3z4i7ta\gradle-8.2\lib\gradle-launcher-8.2.jar
Launcher Type: SUN_STANDARD

[Global flags]
     intx CICompilerCount                          = 4                                         {product} {ergonomic}
     uint ConcGCThreads                            = 2                                         {product} {ergonomic}
     uint G1ConcRefinementThreads                  = 8                                         {product} {ergonomic}
   size_t G1HeapRegionSize                         = 1048576                                   {product} {ergonomic}
    uintx GCDrainStackTargetSize                   = 64                                        {product} {ergonomic}
   size_t InitialHeapSize                          = 132120576                                 {product} {ergonomic}
   size_t MarkStackSize                            = 4194304                                   {product} {ergonomic}
   size_t MaxHeapSize                              = 2147483648                                {product} {command line}
   size_t MaxNewSize                               = 1287651328                                {product} {ergonomic}
   size_t MinHeapDeltaBytes                        = 1048576                                   {product} {ergonomic}
   size_t MinHeapSize                              = 8388608                                   {product} {ergonomic}
    uintx NonNMethodCodeHeapSize                   = 5839372                                {pd product} {ergonomic}
    uintx NonProfiledCodeHeapSize                  = 122909434                              {pd product} {ergonomic}
    uintx ProfiledCodeHeapSize                     = 122909434                              {pd product} {ergonomic}
    uintx ReservedCodeCacheSize                    = 251658240                              {pd product} {ergonomic}
     bool SegmentedCodeCache                       = true                                      {product} {ergonomic}
   size_t SoftMaxHeapSize                          = 2147483648                             {manageable} {ergonomic}
     bool UseCompressedClassPointers               = true                           {product lp64_product} {ergonomic}
     bool UseCompressedOops                        = true                           {product lp64_product} {ergonomic}
     bool UseG1GC                                  = true                                      {product} {ergonomic}
     bool UseLargePagesIndividualAllocation        = false                                  {pd product} {ergonomic}

Logging:
Log output configuration:
 #0: stdout all=warning uptime,level,tags
 #1: stderr all=off uptime,level,tags

Environment Variables:
PATH=C:\Program Files (x86)\VMware\VMware Player\bin\;C:\Python311\Scripts\;C:\Python311\;C:\ProgramData\Oracle\Java\javapath;C:\Program Files\Common Files\Oracle\Java\javapath;C:\Program Files (x86)\Common Files\Oracle\Java\javapath;C:\WINDOWS\system32;C:\WINDOWS;C:\WINDOWS\System32\Wbem;C:\WINDOWS\System32\WindowsPowerShell\v1.0\;C:\WINDOWS\System32\OpenSSH\;C:\Program Files\nodejs\;C:\ProgramData\chocolatey\bin;C:\Program Files\Git\cmd;C:\Users\User\Downloads\mongosh-2.0.1-win32-x64\mongosh-2.0.1-win32-x64\bin;C:\Program Files\MongoDB\Server\7.0\bin;C:\Program Files (x86)\Microsoft SQL Server\160\Tools\Binn\;C:\Program Files\Microsoft SQL Server\160\Tools\Binn\;C:\Program Files\Microsoft SQL Server\Client SDK\ODBC\170\Tools\Binn\;C:\Program Files\Microsoft SQL Server\160\DTS\Binn\;C:\Program Files (x86)\Microsoft SQL Server\160\DTS\Binn\;C:\Program Files\Azure Data Studio\bin;C:\Program Files\MySQL\MySQL Shell 8.0\bin\;C:\Users\User\AppData\Local\Microsoft\WindowsApps;C:\Program Files\JetBrains\IntelliJ IDEA Community Edition 2021.2.1\bin;;C:\Users\User\AppData\Local\Programs\Microsoft VS Code\bin;C:\Users\User\AppData\Roaming\npm;C:\Program Files\MongoDB\Server\7.0\bin;;C:\Program Files\Azure Data Studio\bin
USERNAME=Loise
OS=Windows_NT
PROCESSOR_IDENTIFIER=Intel64 Family 6 Model 142 Stepping 12, GenuineIntel
TMP=C:\Users\User\AppData\Local\Temp
TEMP=C:\Users\User\AppData\Local\Temp


JNI global refs:
JNI global refs: 26, weak refs: 0

JNI global refs memory usage: 843, weak refs: 841

OOME stack traces (most recent first):
Classloader memory used:
Loader org.gradle.internal.classloader.VisitableURLClassLoader                         : 4095K
Loader bootstrap                                                                       : 2804K
Loader org.gradle.internal.classloader.VisitableURLClassLoader$InstrumentingVisitableURLClassLoader: 1277K
Loader org.gradle.initialization.MixInLegacyTypesClassLoader                           : 1095K
Loader jdk.internal.loader.ClassLoaders$PlatformClassLoader                            : 66581B
Loader jdk.internal.reflect.DelegatingClassLoader                                      : 29172B
Loader jdk.internal.loader.ClassLoaders$AppClassLoader                                 : 28359B
Loader org.gradle.groovy.scripts.internal.DefaultScriptCompilationHandler$ScriptClassLoader: 1712B
Loader sun.reflect.misc.MethodUtil                                                     : 373B
Loader org.codehaus.groovy.runtime.callsite.CallSiteClassLoader                        : 356B

Classes loaded by more than one classloader:
Class Program                                                                         : loaded 5 times (x 70B)
Class com.google.common.collect.Iterators$MergingIterator                             : loaded 2 times (x 79B)
Class org.objectweb.asm.ModuleVisitor                                                 : loaded 2 times (x 78B)
Class [Lcom.google.common.collect.AbstractMapEntry;                                   : loaded 2 times (x 67B)
Class com.google.common.collect.SingletonImmutableList                                : loaded 2 times (x 167B)
Class com.google.common.cache.CacheLoader$SupplierToCacheLoader                       : loaded 2 times (x 73B)
Class org.gradle.internal.classpath.ClassPath                                         : loaded 2 times (x 68B)
Class com.google.common.cache.RemovalListener                                         : loaded 2 times (x 68B)
Class org.gradle.api.internal.classpath.DefaultModuleRegistry                         : loaded 2 times (x 84B)
Class Settings_gradle$1$1                                                             : loaded 2 times (x 72B)
Class com.google.common.collect.ImmutableEnumSet                                      : loaded 2 times (x 144B)
Class com.google.common.collect.ListMultimap                                          : loaded 2 times (x 68B)
Class com.google.common.base.CharMatcher$JavaDigit                                    : loaded 2 times (x 109B)
Class com.google.common.base.CharMatcher$Digit                                        : loaded 2 times (x 110B)
Class com.google.common.collect.AbstractMultimap                                      : loaded 2 times (x 121B)
Class com.google.common.cache.CacheBuilder$OneWeigher                                 : loaded 2 times (x 80B)
Class org.gradle.api.Action                                                           : loaded 2 times (x 68B)
Class com.google.common.collect.ImmutableEntry                                        : loaded 2 times (x 80B)
Class com.google.common.collect.Lists$StringAsImmutableList                           : loaded 2 times (x 167B)
Class com.google.common.cache.LocalCache$StrongEntry                                  : loaded 2 times (x 106B)
Class org.objectweb.asm.FieldWriter                                                   : loaded 2 times (x 75B)
Class com.google.common.base.CharMatcher                                              : loaded 2 times (x 109B)
Class com.google.common.base.CharMatcher$IsNot                                        : loaded 2 times (x 109B)
Class com.google.common.base.Splitter                                                 : loaded 2 times (x 70B)
Class [Lcom.google.common.cache.Weigher;                                              : loaded 2 times (x 67B)
Class com.google.common.collect.Iterators$ArrayItr                                    : loaded 2 times (x 95B)
Class com.google.common.cache.LocalCache$Segment                                      : loaded 2 times (x 152B)
Class org.gradle.api.internal.DefaultClassPathProvider                                : loaded 2 times (x 74B)
Class org.gradle.internal.installation.GradleInstallation$1                           : loaded 2 times (x 73B)
Class com.google.common.cache.LocalCache$AbstractReferenceEntry                       : loaded 2 times (x 105B)
Class org.objectweb.asm.Type                                                          : loaded 2 times (x 70B)
Class com.google.common.util.concurrent.AbstractFuture$Failure                        : loaded 2 times (x 70B)
Class com.google.common.base.CharMatcher$BitSetMatcher                                : loaded 2 times (x 110B)
Class com.google.common.collect.ImmutableMap$IteratorBasedImmutableMap                : loaded 2 times (x 123B)
Class com.google.common.collect.ImmutableMap                                          : loaded 2 times (x 118B)
Class com.google.common.base.Converter                                                : loaded 2 times (x 88B)
Class com.google.common.collect.ImmutableSet$EmptySetBuilderImpl                      : loaded 2 times (x 74B)
Class com.google.common.base.Equivalence                                              : loaded 2 times (x 80B)
Class com.google.common.primitives.Ints                                               : loaded 2 times (x 69B)
Class com.google.common.cache.LocalCache$EntryFactory$1                               : loaded 2 times (x 81B)
Class com.google.common.cache.LocalCache$EntryFactory$2                               : loaded 2 times (x 81B)
Class com.google.common.cache.LocalCache$EntryFactory$3                               : loaded 2 times (x 81B)
Class com.google.common.cache.LocalCache$EntryFactory$4                               : loaded 2 times (x 81B)
Class com.google.common.cache.LocalCache$EntryFactory$5                               : loaded 2 times (x 81B)
Class com.google.common.cache.LocalCache$EntryFactory$6                               : loaded 2 times (x 81B)
Class com.google.common.cache.LocalCache$EntryFactory$7                               : loaded 2 times (x 81B)
Class com.google.common.cache.LocalCache$EntryFactory$8                               : loaded 2 times (x 81B)
Class com.google.common.base.Predicate                                                : loaded 2 times (x 68B)
Class com.google.common.cache.LocalCache$StrongValueReference                         : loaded 2 times (x 88B)
Class org.gradle.internal.classloader.FilteringClassLoader                            : loaded 2 times (x 102B)
Class com.google.common.collect.RegularImmutableSet                                   : loaded 2 times (x 146B)
Class [Lcom.google.common.cache.LocalCache$Strength;                                  : loaded 2 times (x 67B)
Class org.gradle.internal.classpath.DefaultClassPath$ImmutableUniqueList$Builder      : loaded 2 times (x 73B)
Class com.google.common.collect.Maps$8                                                : loaded 2 times (x 80B)
Class com.google.common.base.PatternCompiler                                          : loaded 2 times (x 68B)
Class [Lcom.google.common.cache.CacheBuilder$NullListener;                            : loaded 2 times (x 67B)
Class com.google.common.base.CharMatcher$InRange                                      : loaded 2 times (x 109B)
Class com.google.common.collect.Sets$SetView                                          : loaded 2 times (x 136B)
Class com.google.common.collect.BiMap                                                 : loaded 2 times (x 68B)
Class com.google.common.collect.Lists                                                 : loaded 2 times (x 69B)
Class org.objectweb.asm.AnnotationWriter                                              : loaded 2 times (x 76B)
Class com.google.common.math.IntMath$1                                                : loaded 2 times (x 69B)
Class org.gradle.internal.classloader.ClassLoaderVisitor                              : loaded 2 times (x 74B)
Class org.objectweb.asm.Label                                                         : loaded 2 times (x 71B)
Class com.google.common.cache.CacheBuilder$NullListener                               : loaded 2 times (x 80B)
Class com.google.common.math.MathPreconditions                                        : loaded 2 times (x 69B)
Class org.gradle.internal.service.DefaultServiceLocator                               : loaded 2 times (x 81B)
Class org.gradle.internal.service.UnknownServiceException                             : loaded 2 times (x 81B)
Class com.google.common.util.concurrent.AbstractFuture$SynchronizedHelper             : loaded 2 times (x 76B)
Class com.google.common.collect.ArrayListMultimap                                     : loaded 2 times (x 170B)
Class com.google.common.base.Strings                                                  : loaded 2 times (x 69B)
Class com.google.common.cache.CacheLoader$InvalidCacheLoadException                   : loaded 2 times (x 80B)
Class org.gradle.internal.classloader.DefaultClassLoaderFactory                       : loaded 2 times (x 80B)
Class com.google.common.collect.UnmodifiableIterator                                  : loaded 2 times (x 78B)
Class com.google.common.base.Stopwatch                                                : loaded 2 times (x 70B)
Class com.google.common.base.Platform$JdkPatternCompiler                              : loaded 2 times (x 73B)
Class com.google.common.cache.LocalCache$LoadingValueReference                        : loaded 2 times (x 94B)
Class com.google.common.base.CharMatcher$SingleWidth                                  : loaded 2 times (x 110B)
Class com.google.common.collect.Hashing                                               : loaded 2 times (x 69B)
Class com.google.common.base.JdkPattern                                               : loaded 2 times (x 73B)
Class com.google.common.collect.Multimap                                              : loaded 2 times (x 68B)
Class com.google.common.base.FunctionalEquivalence                                    : loaded 2 times (x 81B)
Class org.objectweb.asm.AnnotationVisitor                                             : loaded 2 times (x 75B)
Class org.objectweb.asm.RecordComponentWriter                                         : loaded 2 times (x 76B)
Class com.google.common.cache.LocalCache$1                                            : loaded 2 times (x 87B)
Class com.google.common.cache.LocalCache$2                                            : loaded 2 times (x 140B)
Class com.google.common.collect.RegularImmutableBiMap                                 : loaded 2 times (x 146B)
Class org.gradle.internal.classloader.VisitableURLClassLoader$Spec                    : loaded 2 times (x 72B)
Class org.gradle.api.GradleException                                                  : loaded 2 times (x 80B)
Class com.google.common.base.CharMatcher$JavaLetterOrDigit                            : loaded 2 times (x 109B)
Class org.gradle.api.internal.classpath.ModuleRegistry                                : loaded 2 times (x 68B)
Class com.google.common.collect.ForwardingObject                                      : loaded 2 times (x 70B)
Class com.google.common.cache.CacheBuilder                                            : loaded 2 times (x 70B)
Class org.objectweb.asm.ByteVector                                                    : loaded 2 times (x 76B)
Class com.google.common.collect.ImmutableCollection                                   : loaded 2 times (x 123B)
Class com.google.common.base.PairwiseEquivalence                                      : loaded 2 times (x 81B)
Class com.google.common.base.Ticker                                                   : loaded 2 times (x 70B)
Class org.gradle.api.internal.ClassPathProvider                                       : loaded 2 times (x 68B)
Class com.google.common.base.Ascii                                                    : loaded 2 times (x 69B)
Class com.google.common.collect.RegularImmutableMap$Values                            : loaded 2 times (x 167B)
Class org.objectweb.asm.ModuleWriter                                                  : loaded 2 times (x 79B)
Class org.gradle.internal.classloader.ClasspathUtil$1                                 : loaded 2 times (x 74B)
Class com.google.common.collect.ImmutableEnumMap                                      : loaded 2 times (x 123B)
Class com.google.common.collect.ForwardingMap                                         : loaded 2 times (x 130B)
Class com.google.common.collect.ImmutableList$ReverseImmutableList                    : loaded 2 times (x 168B)
Class com.google.common.cache.AbstractCache$StatsCounter                              : loaded 2 times (x 68B)
Class org.objectweb.asm.FieldVisitor                                                  : loaded 2 times (x 74B)
Class org.objectweb.asm.Symbol                                                        : loaded 2 times (x 71B)
Class com.google.common.cache.LocalCache$Strength$1                                   : loaded 2 times (x 79B)
Class com.google.common.cache.LocalCache$Strength$2                                   : loaded 2 times (x 79B)
Class com.google.common.cache.LocalCache$Strength$3                                   : loaded 2 times (x 79B)
Class org.gradle.internal.classloader.ClassLoaderFactory                              : loaded 2 times (x 68B)
Class com.google.common.collect.ObjectArrays                                          : loaded 2 times (x 69B)
Class com.google.common.util.concurrent.AbstractFuture$Waiter                         : loaded 2 times (x 70B)
Class com.google.common.util.concurrent.Uninterruptibles                              : loaded 2 times (x 69B)
Class com.google.common.collect.Iterators$10                                          : loaded 2 times (x 79B)
Class com.google.common.collect.ImmutableList                                         : loaded 2 times (x 166B)
Class org.gradle.api.internal.classpath.ManifestUtil                                  : loaded 2 times (x 69B)
Class org.gradle.api.specs.Spec                                                       : loaded 2 times (x 68B)
Class com.google.common.cache.CacheLoader$UnsupportedLoadingOperationException        : loaded 2 times (x 80B)
Class com.google.common.base.CharMatcher$Whitespace                                   : loaded 2 times (x 110B)
Class com.google.common.util.concurrent.ListenableFuture                              : loaded 2 times (x 68B)
Class com.google.common.collect.Iterators$1                                           : loaded 2 times (x 79B)
Class com.google.common.collect.Iterators$4                                           : loaded 2 times (x 80B)
Class com.google.common.collect.RegularImmutableMap$BucketOverflowException           : loaded 2 times (x 80B)
Class com.google.common.collect.Iterators$5                                           : loaded 2 times (x 80B)
Class com.google.common.util.concurrent.AbstractFuture$UnsafeAtomicHelper             : loaded 2 times (x 76B)
Class com.google.common.base.Joiner                                                   : loaded 2 times (x 77B)
Class com.google.common.base.Equivalence$Equals                                       : loaded 2 times (x 80B)
Class com.google.common.base.Preconditions                                            : loaded 2 times (x 69B)
Class com.google.common.base.Function                                                 : loaded 2 times (x 68B)
Class com.google.common.collect.Iterators$9                                           : loaded 2 times (x 79B)
Class org.gradle.internal.IoActions                                                   : loaded 2 times (x 69B)
Class com.google.common.cache.ReferenceEntry                                          : loaded 2 times (x 68B)
Class com.google.common.collect.RegularImmutableMap$KeySet                            : loaded 2 times (x 148B)
Class com.google.common.collect.CollectPreconditions                                  : loaded 2 times (x 69B)
Class com.google.common.primitives.IntsMethodsForWeb                                  : loaded 2 times (x 69B)
Class com.google.common.collect.Maps                                                  : loaded 2 times (x 69B)
Class com.google.common.collect.RegularImmutableMap                                   : loaded 2 times (x 119B)
Class com.google.common.collect.AbstractIndexedListIterator                           : loaded 2 times (x 94B)
Class com.google.common.base.CharMatcher$None                                         : loaded 2 times (x 110B)
Class org.gradle.api.internal.classpath.EffectiveClassPath                            : loaded 2 times (x 88B)
Class com.google.common.collect.UnmodifiableListIterator                              : loaded 2 times (x 93B)
Class com.google.common.cache.CacheLoader$FunctionToCacheLoader                       : loaded 2 times (x 73B)
Class com.google.common.cache.CacheBuilder$1                                          : loaded 2 times (x 83B)
Class com.google.common.cache.CacheBuilder$2                                          : loaded 2 times (x 77B)
Class com.google.common.collect.ImmutableList$1                                       : loaded 2 times (x 95B)
Class com.google.common.base.Splitter$Strategy                                        : loaded 2 times (x 68B)
Class com.google.common.cache.CacheBuilder$3                                          : loaded 2 times (x 70B)
Class com.google.common.collect.ImmutableMapEntrySet$RegularEntrySet                  : loaded 2 times (x 149B)
Class [Lcom.google.common.cache.RemovalListener;                                      : loaded 2 times (x 67B)
Class [Lcom.google.common.collect.ImmutableMapEntry;                                  : loaded 2 times (x 67B)
Class org.gradle.internal.installation.CurrentGradleInstallation                      : loaded 2 times (x 71B)
Class org.gradle.internal.agents.InstrumentingClassLoader                             : loaded 2 times (x 68B)
Class org.gradle.internal.installation.CurrentGradleInstallationLocator               : loaded 2 times (x 69B)
Class [Lcom.google.common.cache.LocalCache$Segment;                                   : loaded 2 times (x 67B)
Class org.gradle.api.internal.classpath.Module                                        : loaded 2 times (x 68B)
Class com.google.common.base.Splitter$1$1                                             : loaded 2 times (x 84B)
Class com.google.common.collect.ImmutableSet$JdkBackedSetBuilderImpl                  : loaded 2 times (x 74B)
Class com.google.common.collect.ImmutableSet$RegularSetBuilderImpl                    : loaded 2 times (x 75B)
Class [Lorg.objectweb.asm.AnnotationWriter;                                           : loaded 2 times (x 67B)
Class org.gradle.internal.service.CachingServiceLocator                               : loaded 2 times (x 80B)
Class [Lcom.google.common.collect.ImmutableEntry;                                     : loaded 2 times (x 67B)
Class org.gradle.internal.classpath.DefaultClassPath                                  : loaded 2 times (x 88B)
Class com.google.common.util.concurrent.AbstractFuture$SetFuture                      : loaded 2 times (x 73B)
Class com.google.common.base.Splitter$SplittingIterator                               : loaded 2 times (x 82B)
Class com.google.common.cache.LocalCache$LocalManualCache$1                           : loaded 2 times (x 73B)
Class org.objectweb.asm.SymbolTable$Entry                                             : loaded 2 times (x 72B)
Class [Lcom.google.common.cache.LocalCache$EntryFactory;                              : loaded 2 times (x 67B)
Class com.google.common.base.CharMatcher$Is                                           : loaded 2 times (x 109B)
Class com.google.common.base.Platform                                                 : loaded 2 times (x 69B)
Class com.google.common.collect.RegularImmutableAsList                                : loaded 2 times (x 176B)
Class com.google.common.collect.PeekingIterator                                       : loaded 2 times (x 68B)
Class com.google.common.collect.ImmutableMapEntrySet                                  : loaded 2 times (x 149B)
Class com.google.common.cache.CacheLoader                                             : loaded 2 times (x 72B)
Class com.google.common.collect.ImmutableBiMapFauxverideShim                          : loaded 2 times (x 118B)
Class org.objectweb.asm.MethodTooLargeException                                       : loaded 2 times (x 81B)
Class com.google.common.cache.Cache                                                   : loaded 2 times (x 68B)
Class org.gradle.internal.classloader.SystemClassLoaderSpec                           : loaded 2 times (x 69B)
Class com.google.common.util.concurrent.internal.InternalFutureFailureAccess          : loaded 2 times (x 70B)
Class com.google.common.base.Charsets                                                 : loaded 2 times (x 69B)
Class com.google.common.primitives.Ints$IntConverter                                  : loaded 2 times (x 88B)
Class com.google.common.collect.SingletonImmutableSet                                 : loaded 2 times (x 144B)
Class [Lcom.google.common.base.AbstractIterator$State;                                : loaded 2 times (x 67B)
Class com.google.common.collect.ImmutableMap$Builder                                  : loaded 2 times (x 80B)
Class com.google.common.base.AbstractIterator                                         : loaded 2 times (x 78B)
Class org.objectweb.asm.ClassWriter                                                   : loaded 2 times (x 102B)
Class com.google.common.base.AbstractIterator$1                                       : loaded 2 times (x 69B)
Class [Lcom.google.common.cache.CacheBuilder$OneWeigher;                              : loaded 2 times (x 67B)
Class com.google.common.collect.Iterators                                             : loaded 2 times (x 69B)
Class com.google.common.base.CharMatcher$1                                            : loaded 2 times (x 111B)
Class com.google.common.base.CharMatcher$Ascii                                        : loaded 2 times (x 110B)
Class com.google.common.cache.LocalCache$ComputingValueReference                      : loaded 2 times (x 94B)
Class org.gradle.api.UncheckedIOException                                             : loaded 2 times (x 80B)
Class com.google.common.base.CharMatcher$And                                          : loaded 2 times (x 110B)
Class com.google.common.collect.IndexedImmutableSet                                   : loaded 2 times (x 148B)
Class com.google.common.collect.AbstractListMultimap                                  : loaded 2 times (x 170B)
Class com.google.common.base.CharMatcher$Any                                          : loaded 2 times (x 110B)
Class org.gradle.internal.installation.GradleInstallation                             : loaded 2 times (x 73B)
Class com.google.common.cache.LocalCache$Strength                                     : loaded 2 times (x 79B)
Class com.google.common.collect.ArrayListMultimapGwtSerializationDependencies         : loaded 2 times (x 170B)
Class com.google.common.base.CharMatcher$RangesMatcher                                : loaded 2 times (x 110B)
Class org.objectweb.asm.Handler                                                       : loaded 2 times (x 70B)
Class com.google.common.collect.ImmutableList$SubList                                 : loaded 2 times (x 168B)
Class com.google.common.cache.LocalCache$ValueReference                               : loaded 2 times (x 68B)
Class org.gradle.internal.classloader.ClasspathUtil                                   : loaded 2 times (x 69B)
Class org.objectweb.asm.CurrentFrame                                                  : loaded 2 times (x 71B)
Class com.google.common.util.concurrent.AbstractFuture                                : loaded 2 times (x 93B)
Class com.google.common.base.Splitter$1                                               : loaded 2 times (x 75B)
Class com.google.common.base.Ticker$1                                                 : loaded 2 times (x 70B)
Class com.google.common.collect.Maps$BiMapConverter                                   : loaded 2 times (x 88B)
Class org.gradle.api.internal.DefaultClassPathRegistry                                : loaded 2 times (x 74B)
Class com.google.common.util.concurrent.AbstractFuture$Cancellation                   : loaded 2 times (x 70B)
Class [Lorg.objectweb.asm.Symbol;                                                     : loaded 2 times (x 67B)
Class com.google.common.collect.ImmutableSet$SetBuilderImpl                           : loaded 2 times (x 74B)
Class org.gradle.api.internal.classpath.DefaultModuleRegistry$DefaultModule           : loaded 2 times (x 84B)
Class com.google.common.base.CharMatcher$JavaIsoControl                               : loaded 2 times (x 110B)
Class com.google.common.collect.ImmutableMap$1                                        : loaded 2 times (x 79B)
Class com.google.common.base.CharMatcher$Or                                           : loaded 2 times (x 110B)
Class com.google.common.base.Suppliers$SupplierOfInstance                             : loaded 2 times (x 77B)
Class org.objectweb.asm.RecordComponentVisitor                                        : loaded 2 times (x 75B)
Class com.google.common.collect.Iterables                                             : loaded 2 times (x 69B)
Class com.google.common.base.CharMatcher$JavaLowerCase                                : loaded 2 times (x 109B)
Class org.objectweb.asm.ClassTooLargeException                                        : loaded 2 times (x 81B)
Class org.gradle.api.internal.classpath.UnknownModuleException                        : loaded 2 times (x 80B)
Class com.google.common.util.concurrent.AbstractFuture$Listener                       : loaded 2 times (x 70B)
Class org.objectweb.asm.Edge                                                          : loaded 2 times (x 70B)
Class com.google.common.collect.Maps$EntryTransformer                                 : loaded 2 times (x 68B)
Class com.google.common.collect.ImmutableCollection$Builder                           : loaded 2 times (x 74B)
Class [Lorg.objectweb.asm.SymbolTable$Entry;                                          : loaded 2 times (x 67B)
Class com.google.common.collect.SingletonImmutableBiMap                               : loaded 2 times (x 141B)
Class com.google.common.base.CommonPattern                                            : loaded 2 times (x 72B)
Class com.google.common.base.Suppliers                                                : loaded 2 times (x 69B)
Class org.objectweb.asm.ClassVisitor                                                  : loaded 2 times (x 85B)
Class com.google.common.cache.LoadingCache                                            : loaded 2 times (x 68B)
Class org.gradle.internal.service.ServiceLookupException                              : loaded 2 times (x 80B)
Class org.gradle.cache.GlobalCache                                                    : loaded 2 times (x 68B)
Class com.google.common.base.CharMatcher$NegatedFastMatcher                           : loaded 2 times (x 111B)
Class [Lorg.gradle.api.internal.ClassPathProvider;                                    : loaded 2 times (x 67B)
Class com.google.common.util.concurrent.AbstractFuture$SafeAtomicHelper               : loaded 2 times (x 77B)
Class org.gradle.util.internal.GUtil                                                  : loaded 2 times (x 69B)
Class com.google.common.math.IntMath                                                  : loaded 2 times (x 69B)
Class com.google.common.collect.AbstractIterator                                      : loaded 2 times (x 80B)
Class org.gradle.internal.classloader.ClassLoaderSpec                                 : loaded 2 times (x 69B)
Class com.google.common.base.NullnessCasts                                            : loaded 2 times (x 69B)
Class org.objectweb.asm.Frame                                                         : loaded 2 times (x 71B)
Class com.google.common.cache.LocalCache$LocalManualCache                             : loaded 2 times (x 97B)
Class com.google.common.collect.AbstractMapEntry                                      : loaded 2 times (x 79B)
Class com.google.common.collect.ImmutableList$Builder                                 : loaded 2 times (x 75B)
Class com.google.common.base.CharMatcher$Negated                                      : loaded 2 times (x 111B)
Class com.google.common.cache.CacheLoader$1                                           : loaded 2 times (x 73B)
Class com.google.common.util.concurrent.AbstractFuture$TrustedFuture                  : loaded 2 times (x 95B)
Class com.google.common.collect.Sets                                                  : loaded 2 times (x 69B)
Class com.google.common.collect.ImmutableSet$Builder                                  : loaded 2 times (x 83B)
Class com.google.common.base.CharMatcher$ForPredicate                                 : loaded 2 times (x 110B)
Class com.google.common.collect.ImmutableMap$MapViewOfValuesAsSingletonSets           : loaded 2 times (x 123B)
Class com.google.common.base.MoreObjects                                              : loaded 2 times (x 69B)
Class com.google.common.collect.SortedMapDifference                                   : loaded 2 times (x 68B)
Class org.objectweb.asm.SymbolTable                                                   : loaded 2 times (x 70B)
Class [Lorg.objectweb.asm.AnnotationVisitor;                                          : loaded 2 times (x 67B)
Class com.google.common.cache.CacheStats                                              : loaded 2 times (x 69B)
Class org.objectweb.asm.Attribute                                                     : loaded 2 times (x 75B)
Class org.gradle.internal.classloader.VisitableURLClassLoader                         : loaded 2 times (x 114B)
Class com.google.common.cache.LocalCache$LocalLoadingCache                            : loaded 2 times (x 132B)
Class com.google.common.base.Supplier                                                 : loaded 2 times (x 68B)
Class com.google.common.util.concurrent.AbstractFuture$AtomicHelper                   : loaded 2 times (x 76B)
Class com.google.common.collect.ImmutableBiMap                                        : loaded 2 times (x 141B)
Class org.gradle.internal.Cast                                                        : loaded 2 times (x 69B)
Class org.gradle.api.internal.ClassPathRegistry                                       : loaded 2 times (x 68B)
Class com.google.common.cache.LocalCache$EntryFactory                                 : loaded 2 times (x 81B)
Class com.google.common.util.concurrent.UncheckedExecutionException                   : loaded 2 times (x 80B)
Class com.google.common.collect.ImmutableSet                                          : loaded 2 times (x 143B)
Class org.gradle.internal.classloader.VisitableURLClassLoader$InstrumentingVisitableURLClassLoader: loaded 2 times (x 120B)
Class org.gradle.internal.classloader.ClassLoaderHierarchy                            : loaded 2 times (x 68B)
Class [Lorg.objectweb.asm.Type;                                                       : loaded 2 times (x 67B)
Class com.google.common.base.AbstractIterator$State                                   : loaded 2 times (x 77B)
Class com.google.common.cache.Weigher                                                 : loaded 2 times (x 68B)
Class com.google.common.base.CharMatcher$NamedFastMatcher                             : loaded 2 times (x 110B)
Class org.gradle.internal.InternalTransformer                                         : loaded 2 times (x 68B)
Class org.gradle.internal.service.ServiceLocator                                      : loaded 2 times (x 68B)
Class Settings_gradle$1                                                               : loaded 2 times (x 72B)
Class com.google.common.util.concurrent.SettableFuture                                : loaded 2 times (x 95B)
Class com.google.common.collect.ImmutableMapEntry                                     : loaded 2 times (x 83B)
Class com.google.common.base.CharMatcher$Invisible                                    : loaded 2 times (x 110B)
Class com.google.common.base.Joiner$1                                                 : loaded 2 times (x 78B)
Class com.google.common.base.Joiner$2                                                 : loaded 2 times (x 77B)
Class com.google.common.base.CharMatcher$FastMatcher                                  : loaded 2 times (x 109B)
Class org.gradle.internal.classpath.DefaultClassPath$ImmutableUniqueList              : loaded 2 times (x 159B)
Class com.google.common.base.CharMatcher$JavaLetter                                   : loaded 2 times (x 109B)
Class org.gradle.internal.classpath.TransformedClassPath                              : loaded 2 times (x 94B)
Class com.google.common.collect.MapDifference                                         : loaded 2 times (x 68B)
Class com.google.common.collect.Sets$1                                                : loaded 2 times (x 137B)
Class com.google.common.collect.Sets$2                                                : loaded 2 times (x 137B)
Class com.google.common.util.concurrent.AbstractFuture$Trusted                        : loaded 2 times (x 68B)
Class com.google.common.collect.Sets$3                                                : loaded 2 times (x 137B)
Class com.google.common.collect.Sets$4                                                : loaded 2 times (x 137B)
Class Settings_gradle                                                                 : loaded 2 times (x 126B)
Class org.objectweb.asm.MethodWriter                                                  : loaded 2 times (x 103B)
Class com.google.common.collect.Platform                                              : loaded 2 times (x 69B)
Class com.google.common.collect.ImmutableAsList                                       : loaded 2 times (x 169B)
Class com.google.common.util.concurrent.ExecutionError                                : loaded 2 times (x 80B)
Class com.google.common.base.Equivalence$Identity                                     : loaded 2 times (x 80B)
Class com.google.common.base.CharMatcher$AnyOf                                        : loaded 2 times (x 110B)
Class com.google.common.base.CharMatcher$IsEither                                     : loaded 2 times (x 109B)
Class com.google.common.cache.LocalCache                                              : loaded 2 times (x 185B)
Class com.google.common.collect.RegularImmutableList                                  : loaded 2 times (x 172B)
Class com.google.common.util.concurrent.AbstractFuture$UnsafeAtomicHelper$1           : loaded 2 times (x 74B)
Class com.google.common.base.CharMatcher$JavaUpperCase                                : loaded 2 times (x 109B)
Class com.google.common.collect.Multiset                                              : loaded 2 times (x 68B)
Class com.google.common.collect.ImmutableSet$CachingAsList                            : loaded 2 times (x 145B)
Class org.objectweb.asm.MethodVisitor                                                 : loaded 2 times (x 102B)
Class com.google.common.collect.ImmutableMapEntry$NonTerminalImmutableMapEntry        : loaded 2 times (x 83B)
Class com.google.common.collect.AbstractMapBasedMultimap                              : loaded 2 times (x 137B)


---------------  S Y S T E M  ---------------

OS:
 Windows 11 , 64 bit Build 22621 (10.0.22621.3374)
OS uptime: 17 days 14:07 hours

CPU: total 8 (initial active 8) (4 cores per cpu, 2 threads per core) family 6 model 142 stepping 12 microcode 0xfa, cx8, cmov, fxsr, ht, mmx, 3dnowpref, sse, sse2, sse3, ssse3, sse4.1, sse4.2, popcnt, lzcnt, tsc, tscinvbit, avx, avx2, aes, erms, clmul, bmi1, bmi2, adx, fma, vzeroupper, clflush, clflushopt

Memory: 4k page, system-wide physical 8029M (101M free)
TotalPageFile size 32605M (AvailPageFile size 6M)
current process WorkingSet (physical memory assigned to process): 226M, peak: 278M
current process commit charge ("private bytes"): 329M, peak: 349M

vm_info: OpenJDK 64-Bit Server VM (17.0.7+0-b2043.56-10550314) for windows-amd64 JRE (17.0.7+0-b2043.56-10550314), built on Jul 24 2023 18:27:45 by "androidbuild" with MS VC++ 16.10 / 16.11 (VS2019)

END.
